2013.11.18 16:51:22 [f:"/var/www/roketk12393/data/www/b.aniport.net/classes/class.view.php", l:"131"] –û—Ç—Å—É—Ç—Å—Ç–≤—É–µ—Ç javascript —Ñ–∞–π–ª! Template = ./js/main.js
2013.11.19 00:38:02 [f:"/var/www/roketk12393/data/www/b.aniport.net/classes/class.view.php", l:"131"] –û—Ç—Å—É—Ç—Å—Ç–≤—É–µ—Ç javascript —Ñ–∞–π–ª! Template = ./js/main.js
2013.11.19 14:26:34 [f:"/var/www/roketk12393/data/www/blago_library/classes/class.model.php", l:"30"] –ù–µ–≤–æ–∑–º–æ–∂–Ω–æ –∑–∞–≥—Ä—É–∑–∏—Ç—å –º–æ–¥–µ–ª—å ./models/index.php
2013.11.19 14:27:27 [f:"/var/www/roketk12393/data/www/blago_library/classes/class.view.php", l:"170"] –û—Ç—Å—É—Ç—Å—Ç–≤—É–µ—Ç —Ñ–∞–π–ª —à–∞–±–ª–æ–Ω–∞ –∫–æ–Ω—Ç–µ–Ω—Ç–∞! Controller = ./view/index/index.phtml
2013.12.09 13:57:05 [f:"/var/www/roketk12393/data/www/blago_library/fw/view.php", l:"49"] –ù–µ–ø–æ–ª–Ω–æ—Ü–µ–Ω–Ω—ã–π –±–ª–æ–∫ /var/www/roketk12393/data/www/blago_library/blocks/breadcrumbs
2013.12.11 02:28:12 [f:"/var/www/roketk12393/data/www/blago_library/fw/model.php", l:"80"] –ù–µ–≤–æ–∑–º–æ–∂–Ω–æ –≤—ã–ø–æ–ª–Ω–∏—Ç—å –∑–∞–ø—Ä–æ—Å! "
            INSERT INTO contacts_feedback (
                cf_name,
                cf_email,
                cf_subject,
                cf_text
            ) VALUES {
                –ü–∞–≤–µ–ª,
                roket007@yandex.ru,
                –ü—Ä–∏–≤–µ—Ç,
                –°–∫–∞–∂–∏—Ç–µ –∫–∞–∫ –≤–∞—Å –Ω–∞–π—Ç–∏?
            )
        " You have an error in your SQL syntax; check the manual that corresponds to your MySQL server version for the right syntax to use near '{
                –ü–∞–≤–µ–ª,
                roket007@yandex.ru,
           ' at line 6URI: /contacts/
2013.12.11 02:28:51 [f:"/var/www/roketk12393/data/www/blago_library/fw/model.php", l:"80"] –ù–µ–≤–æ–∑–º–æ–∂–Ω–æ –≤—ã–ø–æ–ª–Ω–∏—Ç—å –∑–∞–ø—Ä–æ—Å! "
            INSERT INTO contacts_feedback (
                cf_name,
                cf_email,
                cf_subject,
                cf_text
            ) VALUES {
                '–ü–∞–≤–µ–ª',
                'roket007@yandex.ru',
                '–ü—Ä–∏–≤–µ—Ç',
                '–°–∫–∞–∂–∏—Ç–µ –∫–∞–∫ –≤–∞—Å –Ω–∞–π—Ç–∏?'
            )
        " You have an error in your SQL syntax; check the manual that corresponds to your MySQL server version for the right syntax to use near '{
                '–ü–∞–≤–µ–ª',
                'roket007@yandex.ru',
       ' at line 6URI: /contacts/
2013.12.11 02:29:49 [f:"/var/www/roketk12393/data/www/blago_library/fw/model.php", l:"80"] –ù–µ–≤–æ–∑–º–æ–∂–Ω–æ –≤—ã–ø–æ–ª–Ω–∏—Ç—å –∑–∞–ø—Ä–æ—Å! "
            INSERT INTO contacts_feedback (
                cf_name,
                cf_email,
                cf_subject,
                cf_text
            ) VALUES {
                '–ü–∞–≤–µ–ª',
                'roket007@yandex.ru',
                '–ü—Ä–∏–≤–µ—Ç',
                '&ETH;&iexcl;&ETH;&ordm;&ETH;&deg;&ETH;&para;&ETH;&cedil;&Ntilde;Ç&ETH;&micro; &ETH;&ordm;&ETH;&deg;&ETH;&ordm; &ETH;&sup2;&ETH;&deg;&Ntilde;Å &ETH;&frac12;&ETH;&deg;&ETH;&sup1;&Ntilde;Ç&ETH;&cedil;?'
            )
        " You have an error in your SQL syntax; check the manual that corresponds to your MySQL server version for the right syntax to use near '{
                '–ü–∞–≤–µ–ª',
                'roket007@yandex.ru',
       ' at line 6URI: /contacts/
2013.12.11 02:30:02 [f:"/var/www/roketk12393/data/www/blago_library/fw/model.php", l:"80"] –ù–µ–≤–æ–∑–º–æ–∂–Ω–æ –≤—ã–ø–æ–ª–Ω–∏—Ç—å –∑–∞–ø—Ä–æ—Å! "
            INSERT INTO contacts_feedback (
                cf_name,
                cf_email,
                cf_subject,
                cf_text
            ) VALUES {
                '–ü–∞–≤–µ–ª',
                'roket007@yandex.ru',
                '–ü—Ä–∏–≤–µ—Ç',
                '–°–∫–∞–∂–∏—Ç–µ –∫–∞–∫ –≤–∞—Å –Ω–∞–π—Ç–∏?'
            )
        " You have an error in your SQL syntax; check the manual that corresponds to your MySQL server version for the right syntax to use near '{
                '–ü–∞–≤–µ–ª',
                'roket007@yandex.ru',
       ' at line 6URI: /contacts/
2013.12.11 02:50:56 Can't send email!
2013.12.21 03:44:21 [f:"/var/www/roketk12393/data/www/blago_library/fw/view.php", l:"143"] –û—Ç—Å—É—Ç—Å—Ç–≤—É–µ—Ç javascript —Ñ–∞–π–ª! Template = /var/www/roketk12393/data/www/blago_library/js/main.jsURI: /user/login/
2013.12.21 04:01:55 [f:"/var/www/roketk12393/data/www/blago_library/fw/view.php", l:"143"] –û—Ç—Å—É—Ç—Å—Ç–≤—É–µ—Ç javascript —Ñ–∞–π–ª! Template = /var/www/roketk12393/data/www/blago_library/js/main.jsURI: /user/login/
2013.12.21 20:28:29 [f:"/var/www/roketk12393/data/www/blago_library/fw/model.php", l:"122"] –ù–µ–≤–æ–∑–º–æ–∂–Ω–æ —Å–æ–∑–¥–∞—Ç—å –∫—ç—à –±–∞–∑—ã –¥–∞–Ω—ã–Ω—Ö! "
            SELECT 
                p.*,
                pl.*,
                GROUP_CONCAT(DISTINCT pp.pp_src ORDER BY pp.pp_ord SEPARATOR ',') AS images
             FROM projects AS p
             LEFT JOIN projects_lang AS pl ON p.p_id = pl.pl_p_id AND pl.pl_lang = 'ru'
             LEFT JOIN projects_photos AS pp ON pp.pp_p_id = p.p_id
             WHERE 
                p.p_state = 1 
                AND p.p_id = 4
                AND p.p_current < p.p_need
             LIMIT 1
        " URI: /ru/projects/4-chet-proekt/
2013.12.21 20:29:06 [f:"/var/www/roketk12393/data/www/blago_library/fw/model.php", l:"122"] –ù–µ–≤–æ–∑–º–æ–∂–Ω–æ —Å–æ–∑–¥–∞—Ç—å –∫—ç—à –±–∞–∑—ã –¥–∞–Ω—ã–Ω—Ö! "
            SELECT 
                p.*,
                pl.*,
                GROUP_CONCAT(DISTINCT pp.pp_src ORDER BY pp.pp_ord SEPARATOR ',') AS images
             FROM projects AS p
             LEFT JOIN projects_lang AS pl ON p.p_id = pl.pl_p_id AND pl.pl_lang = 'ru'
             LEFT JOIN projects_photos AS pp ON pp.pp_p_id = p.p_id
             WHERE 
                p.p_state = 1 
                AND p.p_id = 4
                AND p.p_current < p.p_need
             LIMIT 1
        " URI: /ru/projects/4-chet-proekt/
2013.12.22 16:18:32 [f:"/var/www/roketk12393/data/www/blago_library/fw/view.php", l:"182"] –û—Ç—Å—É—Ç—Å—Ç–≤—É–µ—Ç —Ñ–∞–π–ª —à–∞–±–ª–æ–Ω–∞ –∫–æ–Ω—Ç–µ–Ω—Ç–∞! Controller = /var/www/roketk12393/data/www/blago_library/view/user/profile.phtmlURI: /ua/user/profile/
2013.12.24 17:42:45 [f:"/var/www/roketk12393/data/www/blago_library/classes/user.php", l:"139"] –ù–µ–ª—å–∑–∞ –∑–∞–ø–∏—Å–∞—Ç—å –∞–Ω—Ç–∏—Å–ø–∞–º –∫–ª—é—áURI: /ru/user/registration/
2013.12.24 17:43:16 [f:"/var/www/roketk12393/data/www/blago_library/classes/user.php", l:"138"] –ù–µ–ª—å–∑–∞ –∑–∞–ø–∏—Å–∞—Ç—å –∞–Ω—Ç–∏—Å–ø–∞–º –∫–ª—é—áURI: /ru/user/registration/
2013.12.25 01:48:52 [f:"/var/www/roketk12393/data/www/blago_library/fw/view.php", l:"182"] –û—Ç—Å—É—Ç—Å—Ç–≤—É–µ—Ç —Ñ–∞–π–ª —à–∞–±–ª–æ–Ω–∞ –∫–æ–Ω—Ç–µ–Ω—Ç–∞! Controller = /var/www/roketk12393/data/www/blago_library/view/user/profile.phtmlURI: /ru/user/profile/
2013.12.25 17:08:34 [f:"/var/www/roketk12393/data/www/blago_library/classes/donors.php", l:"123"] –û—à–∏–±–∫–∞ –æ–±–Ω–æ–≤–ª–µ–Ω–∏—è –¥–∞–Ω–Ω—ã—Ö –ø–æ–ª—å–∑–æ–≤–∞—Ç–µ–ª—èURI: /ru/donors/2/
2013.12.25 17:08:39 [f:"/var/www/roketk12393/data/www/blago_library/classes/donors.php", l:"123"] –û—à–∏–±–∫–∞ –æ–±–Ω–æ–≤–ª–µ–Ω–∏—è –¥–∞–Ω–Ω—ã—Ö –ø–æ–ª—å–∑–æ–≤–∞—Ç–µ–ª—èURI: /ru/donors/2/
2013.12.25 17:18:29 [f:"/var/www/roketk12393/data/www/blago_library/classes/donors.php", l:"114"] –û—à–∏–±–∫–∞ –∑–∞–≥—Ä—É–∑–∫–∏ –∞–≤–∞—Ç–∞—Ä–∞URI: /ru/donors/2/
2013.12.26 02:36:31 [f:"/var/www/roketk12393/data/www/blago_library/classes/donors.php", l:"142"] –û—à–∏–±–∫–∞ –æ–±–Ω–æ–≤–ª–µ–Ω–∏—è –¥–∞–Ω–Ω—ã—Ö –ø–æ–ª—å–∑–æ–≤–∞—Ç–µ–ª—èURI: /ru/donors/2/
2013.12.26 02:36:56 [f:"/var/www/roketk12393/data/www/blago_library/classes/donors.php", l:"142"] –û—à–∏–±–∫–∞ –æ–±–Ω–æ–≤–ª–µ–Ω–∏—è –¥–∞–Ω–Ω—ã—Ö –ø–æ–ª—å–∑–æ–≤–∞—Ç–µ–ª—èURI: /ru/donors/2/
2013.12.26 02:38:41 [f:"/var/www/roketk12393/data/www/blago_library/classes/donors.php", l:"142"] –û—à–∏–±–∫–∞ –æ–±–Ω–æ–≤–ª–µ–Ω–∏—è –¥–∞–Ω–Ω—ã—Ö –ø–æ–ª—å–∑–æ–≤–∞—Ç–µ–ª—èURI: /ru/donors/2/
2014.01.14 17:12:45 [f:"/var/www/lovech14458/data/www/blago_library/fw/view.php", l:"143"] –û—Ç—Å—É—Ç—Å—Ç–≤—É–µ—Ç javascript —Ñ–∞–π–ª! Template = /var/www/lovech14458/data/www/blago_library/js/jquery.lightbox-0.5.jsURI: /ru/projects/2-vtoroy-proekt/
2014.01.22 14:54:24 Can't send email!
2014.01.22 15:01:04 Can't send email!
2014.01.23 00:39:27 Can't send email!
2014.01.28 12:21:59 Can't send email!
