2013.12.11 13:38:38 [f:"/var/www/roketk12393/data/www/blago_library/loader.php", l:"88"] Нет указанного файла контроллера Classes_Favicon.icoURI: /favicon.ico
2013.12.11 13:49:30 [f:"/var/www/roketk12393/data/www/blago_library/loader.php", l:"88"] Нет указанного файла контроллера Classes_Favicon.icoURI: /favicon.ico
2013.12.11 13:49:30 [f:"/var/www/roketk12393/data/www/blago_library/loader.php", l:"88"] Нет указанного файла контроллера Classes_Favicon.icoURI: /favicon.ico
2013.12.11 13:49:30 [f:"/var/www/roketk12393/data/www/blago_library/loader.php", l:"88"] Нет указанного файла контроллера Classes_Favicon.icoURI: /favicon.ico
2013.12.11 13:49:45 [f:"/var/www/roketk12393/data/www/blago_library/loader.php", l:"88"] Нет указанного файла контроллера Classes_DonorsURI: /donors/
2013.12.11 16:26:39 [f:"/var/www/roketk12393/data/www/blago_library/loader.php", l:"88"] Нет указанного файла контроллера helpModelURI: /ru/help/
2013.12.11 16:28:49 [f:"/var/www/roketk12393/data/www/blago_library/loader.php", l:"88"] Нет указанного файлаhelpModelURI: /ru/help/
2013.12.11 16:28:56 [f:"/var/www/roketk12393/data/www/blago_library/loader.php", l:"88"] Нет указанного файла helpModelURI: /ru/help/
2013.12.11 17:03:08 [f:"/var/www/roketk12393/data/www/blago_library/loader.php", l:"88"] Нет указанного файла Classes_DonorsURI: /ru/donors/
2013.12.11 17:21:31 [f:"/var/www/roketk12393/data/www/b.aniport.net/index.php", l:"70"] Неверно указаны параметры запроса help::indexAction()URI: /ru/help/pravila-birzhi.html
2013.12.11 17:36:47 [f:"/var/www/roketk12393/data/www/blago_library/loader.php", l:"88"] Нет указанного файла Classes_Favicon.icoURI: /favicon.ico
2013.12.12 00:30:52 [f:"/var/www/roketk12393/data/www/blago_library/loader.php", l:"88"] Нет указанного файла Classes_Favicon.icoURI: /favicon.ico
2013.12.12 02:57:23 [f:"/var/www/roketk12393/data/www/blago_library/loader.php", l:"88"] Нет указанного файла Classes_DoneURI: /done/
2013.12.12 19:25:55 [f:"/var/www/roketk12393/data/www/blago_library/loader.php", l:"88"] Нет указанного файла Classes_Favicon.icoURI: /favicon.ico
2013.12.12 19:25:57 [f:"/var/www/roketk12393/data/www/blago_library/loader.php", l:"88"] Нет указанного файла Classes_DoneURI: /ru/done/
2013.12.12 21:17:32 [f:"/var/www/roketk12393/data/www/blago_library/loader.php", l:"88"] Нет указанного файла Classes_Favicon.icoURI: /favicon.ico
2013.12.12 23:21:56 [f:"/var/www/roketk12393/data/www/blago_library/loader.php", l:"88"] Нет указанного файла Classes_Favicon.icoURI: /favicon.ico
2013.12.12 23:21:56 [f:"/var/www/roketk12393/data/www/blago_library/loader.php", l:"88"] Нет указанного файла Classes_Favicon.icoURI: /favicon.ico
2013.12.12 23:21:56 [f:"/var/www/roketk12393/data/www/blago_library/loader.php", l:"88"] Нет указанного файла Classes_Favicon.icoURI: /favicon.ico
2013.12.12 23:22:00 [f:"/var/www/roketk12393/data/www/blago_library/loader.php", l:"88"] Нет указанного файла Classes_DonorsURI: /donors/
2013.12.13 11:04:52 [f:"/var/www/roketk12393/data/www/blago_library/loader.php", l:"88"] Нет указанного файла Classes_Favicon.icoURI: /favicon.ico
2013.12.13 11:04:52 [f:"/var/www/roketk12393/data/www/blago_library/loader.php", l:"88"] Нет указанного файла Classes_Favicon.icoURI: /favicon.ico
2013.12.13 11:04:52 [f:"/var/www/roketk12393/data/www/blago_library/loader.php", l:"88"] Нет указанного файла Classes_Favicon.icoURI: /favicon.ico
2013.12.13 11:44:18 [f:"/var/www/roketk12393/data/www/blago_library/loader.php", l:"88"] Нет указанного файла Classes_Favicon.icoURI: /favicon.ico
2013.12.13 11:45:37 [f:"/var/www/roketk12393/data/www/blago_library/loader.php", l:"88"] Нет указанного файла Classes_DonorsURI: /ru/donors/
2013.12.13 19:08:03 [f:"/var/www/roketk12393/data/www/blago_library/loader.php", l:"88"] Нет указанного файла Classes_Favicon.icoURI: /favicon.ico
2013.12.13 19:08:03 [f:"/var/www/roketk12393/data/www/blago_library/loader.php", l:"88"] Нет указанного файла Classes_Favicon.icoURI: /favicon.ico
2013.12.13 19:08:03 [f:"/var/www/roketk12393/data/www/blago_library/loader.php", l:"88"] Нет указанного файла Classes_Favicon.icoURI: /favicon.ico
2013.12.13 21:44:45 [f:"/var/www/roketk12393/data/www/blago_library/loader.php", l:"88"] Нет указанного файла Classes_Favicon.icoURI: /favicon.ico
2013.12.13 21:44:45 [f:"/var/www/roketk12393/data/www/blago_library/loader.php", l:"88"] Нет указанного файла Classes_Favicon.icoURI: /favicon.ico
2013.12.13 21:44:45 [f:"/var/www/roketk12393/data/www/blago_library/loader.php", l:"88"] Нет указанного файла Classes_Favicon.icoURI: /favicon.ico
2013.12.13 22:24:01 [f:"/var/www/roketk12393/data/www/blago_library/loader.php", l:"88"] Нет указанного файла Classes_Favicon.icoURI: /favicon.ico
2013.12.13 22:24:01 [f:"/var/www/roketk12393/data/www/blago_library/loader.php", l:"88"] Нет указанного файла Classes_Favicon.icoURI: /favicon.ico
2013.12.13 22:24:01 [f:"/var/www/roketk12393/data/www/blago_library/loader.php", l:"88"] Нет указанного файла Classes_Favicon.icoURI: /favicon.ico
2013.12.14 03:38:05 [f:"/var/www/roketk12393/data/www/blago_library/loader.php", l:"88"] Нет указанного файла Classes_Favicon.icoURI: /favicon.ico
2013.12.14 12:37:07 [f:"/var/www/roketk12393/data/www/blago_library/loader.php", l:"88"] Нет указанного файла Classes_Favicon.icoURI: /favicon.ico
2013.12.14 12:37:07 [f:"/var/www/roketk12393/data/www/blago_library/loader.php", l:"88"] Нет указанного файла Classes_Favicon.icoURI: /favicon.ico
2013.12.14 12:37:07 [f:"/var/www/roketk12393/data/www/blago_library/loader.php", l:"88"] Нет указанного файла Classes_Favicon.icoURI: /favicon.ico
2013.12.15 17:40:52 [f:"/var/www/roketk12393/data/www/blago_library/loader.php", l:"88"] Нет указанного файла Classes_Favicon.icoURI: /favicon.ico
2013.12.15 17:40:52 [f:"/var/www/roketk12393/data/www/blago_library/loader.php", l:"88"] Нет указанного файла Classes_Favicon.icoURI: /favicon.ico
2013.12.15 17:40:52 [f:"/var/www/roketk12393/data/www/blago_library/loader.php", l:"88"] Нет указанного файла Classes_Favicon.icoURI: /favicon.ico
2013.12.15 23:47:33 [f:"/var/www/roketk12393/data/www/blago_library/loader.php", l:"88"] Нет указанного файла Classes_Favicon.icoURI: /favicon.ico
2013.12.15 23:47:42 [f:"/var/www/roketk12393/data/www/blago_library/loader.php", l:"88"] Нет указанного файла Classes_DoneURI: /ru/done/
2013.12.16 09:34:34 [f:"/var/www/roketk12393/data/www/blago_library/loader.php", l:"88"] Нет указанного файла Classes_Favicon.icoURI: /favicon.ico
2013.12.16 09:34:34 [f:"/var/www/roketk12393/data/www/blago_library/loader.php", l:"88"] Нет указанного файла Classes_Favicon.icoURI: /favicon.ico
2013.12.16 09:34:48 [f:"/var/www/roketk12393/data/www/blago_library/loader.php", l:"88"] Нет указанного файла Classes_DonorsURI: /donors/
2013.12.16 09:34:56 [f:"/var/www/roketk12393/data/www/blago_library/loader.php", l:"88"] Нет указанного файла Classes_DoneURI: /done/
2013.12.16 10:43:06 [f:"/var/www/roketk12393/data/www/blago_library/loader.php", l:"88"] Нет указанного файла Classes_DoneURI: /done/
2013.12.16 10:43:14 [f:"/var/www/roketk12393/data/www/blago_library/loader.php", l:"88"] Нет указанного файла Classes_DonorsURI: /donors/
2013.12.16 12:19:28 [f:"/var/www/roketk12393/data/www/blago_library/loader.php", l:"88"] Нет указанного файла Classes_Favicon.icoURI: /favicon.ico
2013.12.16 12:19:28 [f:"/var/www/roketk12393/data/www/blago_library/loader.php", l:"88"] Нет указанного файла Classes_Favicon.icoURI: /favicon.ico
2013.12.16 12:19:28 [f:"/var/www/roketk12393/data/www/blago_library/loader.php", l:"88"] Нет указанного файла Classes_Favicon.icoURI: /favicon.ico
2013.12.16 12:19:38 [f:"/var/www/roketk12393/data/www/blago_library/loader.php", l:"88"] Нет указанного файла Classes_DonorsURI: /ru/donors/
2013.12.16 14:24:39 [f:"/var/www/roketk12393/data/www/blago_library/loader.php", l:"41"] Нет языкового файла data/language.iniURI: /ru/contacts/
2013.12.16 14:30:15 [f:"/var/www/roketk12393/data/www/blago_library/loader.php", l:"88"] Нет указанного файла Classes_DonorsURI: /ru/donors/
2013.12.16 14:43:52 [f:"/var/www/roketk12393/data/www/blago_library/loader.php", l:"88"] Нет указанного файла Classes_DonorsURI: /ru/donors/
2013.12.16 14:46:33 [f:"/var/www/roketk12393/data/www/blago_library/loader.php", l:"88"] Нет указанного файла Classes_Favicon.icoURI: /favicon.ico
2013.12.16 14:53:26 [f:"/var/www/roketk12393/data/www/b.aniport.net/index.php", l:"70"] Неверно указаны параметры запроса projects::indexAction()URI: /ru/projects/images/ekology_little.jpg
2013.12.16 14:53:26 [f:"/var/www/roketk12393/data/www/b.aniport.net/index.php", l:"70"] Неверно указаны параметры запроса projects::indexAction()URI: /ru/projects/images/school_little.jpg
2013.12.16 14:53:26 [f:"/var/www/roketk12393/data/www/b.aniport.net/index.php", l:"70"] Неверно указаны параметры запроса projects::indexAction()URI: /ru/projects/images/grandpa_little.jpg
2013.12.16 14:53:26 [f:"/var/www/roketk12393/data/www/b.aniport.net/index.php", l:"70"] Неверно указаны параметры запроса projects::indexAction()URI: /ru/projects/images/sport_little.jpg
2013.12.16 14:56:26 [f:"/var/www/roketk12393/data/www/b.aniport.net/index.php", l:"70"] Неверно указаны параметры запроса projects::indexAction()URI: /ru/projects/images/grandpa_little.jpg
2013.12.16 14:56:26 [f:"/var/www/roketk12393/data/www/b.aniport.net/index.php", l:"70"] Неверно указаны параметры запроса projects::indexAction()URI: /ru/projects/images/sport_little.jpg
2013.12.16 14:56:26 [f:"/var/www/roketk12393/data/www/b.aniport.net/index.php", l:"70"] Неверно указаны параметры запроса projects::indexAction()URI: /ru/projects/images/ekology_little.jpg
2013.12.16 14:56:26 [f:"/var/www/roketk12393/data/www/b.aniport.net/index.php", l:"70"] Неверно указаны параметры запроса projects::indexAction()URI: /ru/projects/images/school_little.jpg
2013.12.16 14:56:35 [f:"/var/www/roketk12393/data/www/b.aniport.net/index.php", l:"70"] Неверно указаны параметры запроса projects::indexAction()URI: /ru/projects/images/school_little.jpg
2013.12.16 14:56:35 [f:"/var/www/roketk12393/data/www/b.aniport.net/index.php", l:"70"] Неверно указаны параметры запроса projects::indexAction()URI: /ru/projects/images/ekology_little.jpg
2013.12.16 14:56:35 [f:"/var/www/roketk12393/data/www/b.aniport.net/index.php", l:"70"] Неверно указаны параметры запроса projects::indexAction()URI: /ru/projects/images/sport_little.jpg
2013.12.16 14:56:35 [f:"/var/www/roketk12393/data/www/b.aniport.net/index.php", l:"70"] Неверно указаны параметры запроса projects::indexAction()URI: /ru/projects/images/grandpa_little.jpg
2013.12.16 14:56:36 [f:"/var/www/roketk12393/data/www/b.aniport.net/index.php", l:"70"] Неверно указаны параметры запроса projects::indexAction()URI: /ru/projects/images/sport_little.jpg
2013.12.16 14:56:36 [f:"/var/www/roketk12393/data/www/b.aniport.net/index.php", l:"70"] Неверно указаны параметры запроса projects::indexAction()URI: /ru/projects/images/ekology_little.jpg
2013.12.16 14:56:36 [f:"/var/www/roketk12393/data/www/b.aniport.net/index.php", l:"70"] Неверно указаны параметры запроса projects::indexAction()URI: /ru/projects/images/school_little.jpg
2013.12.16 14:56:36 [f:"/var/www/roketk12393/data/www/b.aniport.net/index.php", l:"70"] Неверно указаны параметры запроса projects::indexAction()URI: /ru/projects/images/grandpa_little.jpg
2013.12.16 15:01:19 [f:"/var/www/roketk12393/data/www/b.aniport.net/index.php", l:"70"] Неверно указаны параметры запроса projects::indexAction()URI: /ru/projects/images/school_little.jpg
2013.12.16 15:01:19 [f:"/var/www/roketk12393/data/www/b.aniport.net/index.php", l:"70"] Неверно указаны параметры запроса projects::indexAction()URI: /ru/projects/images/ekology_little.jpg
2013.12.16 15:01:19 [f:"/var/www/roketk12393/data/www/b.aniport.net/index.php", l:"70"] Неверно указаны параметры запроса projects::indexAction()URI: /ru/projects/images/grandpa_little.jpg
2013.12.16 15:01:19 [f:"/var/www/roketk12393/data/www/b.aniport.net/index.php", l:"70"] Неверно указаны параметры запроса projects::indexAction()URI: /ru/projects/images/sport_little.jpg
2013.12.16 16:23:11 [f:"/var/www/roketk12393/data/www/blago_library/loader.php", l:"88"] Нет указанного файла Classes_NeedURI: /ru/need/
2013.12.16 16:23:45 [f:"/var/www/roketk12393/data/www/b.aniport.net/index.php", l:"70"] Неверно указаны параметры запроса projects::indexAction()URI: /projects/ru/need/
2013.12.16 16:25:37 [f:"/var/www/roketk12393/data/www/b.aniport.net/index.php", l:"70"] Неверно указаны параметры запроса projects::indexAction()URI: /ru/projects/oreder/need/
2013.12.16 16:26:17 [f:"/var/www/roketk12393/data/www/b.aniport.net/index.php", l:"70"] Неверно указаны параметры запроса projects::indexAction()URI: /ru/projects/oreder/need/
2013.12.16 17:45:20 [f:"/var/www/roketk12393/data/www/blago_library/loader.php", l:"88"] Нет указанного файла Classes_DoneURI: /ru/done/
2013.12.16 23:19:22 [f:"/var/www/roketk12393/data/www/blago_library/loader.php", l:"88"] Нет указанного файла Classes_Favicon.icoURI: /favicon.ico
2013.12.16 23:19:22 [f:"/var/www/roketk12393/data/www/blago_library/loader.php", l:"88"] Нет указанного файла Classes_Favicon.icoURI: /favicon.ico
2013.12.16 23:19:22 [f:"/var/www/roketk12393/data/www/blago_library/loader.php", l:"88"] Нет указанного файла Classes_Favicon.icoURI: /favicon.ico
2013.12.16 23:26:02 [f:"/var/www/roketk12393/data/www/blago_library/loader.php", l:"88"] Нет указанного файла Classes_DoneURI: /ru/done/
2013.12.17 01:38:44 [f:"/var/www/roketk12393/data/www/blago_library/loader.php", l:"88"] Нет указанного файла Classes_Favicon.icoURI: /favicon.ico
2013.12.17 01:38:55 [f:"/var/www/roketk12393/data/www/blago_library/loader.php", l:"88"] Нет указанного файла Classes_Favicon.icoURI: /favicon.ico
2013.12.17 03:58:22 [f:"/var/www/roketk12393/data/www/blago_library/loader.php", l:"88"] Нет указанного файла Classes_Favicon.icoURI: /favicon.ico
2013.12.17 10:12:48 [f:"/var/www/roketk12393/data/www/blago_library/loader.php", l:"88"] Нет указанного файла Classes_Favicon.icoURI: /favicon.ico
2013.12.17 10:12:48 [f:"/var/www/roketk12393/data/www/blago_library/loader.php", l:"88"] Нет указанного файла Classes_Favicon.icoURI: /favicon.ico
2013.12.17 10:13:25 [f:"/var/www/roketk12393/data/www/blago_library/loader.php", l:"88"] Нет указанного файла Classes_DonorsURI: /donors/
2013.12.17 10:13:34 [f:"/var/www/roketk12393/data/www/blago_library/loader.php", l:"88"] Нет указанного файла Classes_DoneURI: /done/
2013.12.17 17:01:35 [f:"/var/www/roketk12393/data/www/blago_library/loader.php", l:"88"] Нет указанного файла Classes_Favicon.icoURI: /favicon.ico
2013.12.17 23:34:29 [f:"/var/www/roketk12393/data/www/blago_library/loader.php", l:"88"] Нет указанного файла Classes_Favicon.icoURI: /favicon.ico
2013.12.17 23:39:08 [f:"/var/www/roketk12393/data/www/blago_library/loader.php", l:"88"] Нет указанного файла Classes_Favicon.icoURI: /favicon.ico
2013.12.18 14:54:55 [f:"/var/www/roketk12393/data/www/blago_library/loader.php", l:"88"] Нет указанного файла Classes_Favicon.icoURI: /favicon.ico
2013.12.18 14:54:55 [f:"/var/www/roketk12393/data/www/blago_library/loader.php", l:"88"] Нет указанного файла Classes_Favicon.icoURI: /favicon.ico
2013.12.18 14:55:01 [f:"/var/www/roketk12393/data/www/blago_library/loader.php", l:"88"] Нет указанного файла Classes_DonorsURI: /donors/
2013.12.18 14:56:03 [f:"/var/www/roketk12393/data/www/blago_library/loader.php", l:"88"] Нет указанного файла Classes_DonorsURI: /donors/
2013.12.19 01:21:28 [f:"/var/www/roketk12393/data/www/blago_library/loader.php", l:"88"] Нет указанного файла Classes_Favicon.icoURI: /favicon.ico
2013.12.19 02:27:05 [f:"/var/www/roketk12393/data/www/blago_library/loader.php", l:"107"] Нет указанного файла Classes_Favicon.icoURI: /favicon.ico
2013.12.19 03:21:58 [f:"/var/www/roketk12393/data/www/blago_library/loader.php", l:"107"] Нет указанного файла Classes_Favicon.icoURI: /favicon.ico
2013.12.19 10:44:28 [f:"/var/www/roketk12393/data/www/blago_library/loader.php", l:"107"] Нет указанного файла Classes_Favicon.icoURI: /favicon.ico
2013.12.19 10:44:28 [f:"/var/www/roketk12393/data/www/blago_library/loader.php", l:"107"] Нет указанного файла Classes_Favicon.icoURI: /favicon.ico
2013.12.19 10:44:37 [f:"/var/www/roketk12393/data/www/blago_library/loader.php", l:"107"] Нет указанного файла Classes_DonorsURI: /donors/
2013.12.19 12:07:46 [f:"/var/www/roketk12393/data/www/blago_library/loader.php", l:"107"] Нет указанного файла Classes_Favicon.icoURI: /favicon.ico
2013.12.19 12:07:49 [f:"/var/www/roketk12393/data/www/blago_library/loader.php", l:"107"] Нет указанного файла Classes_DonorsURI: /donors/
2013.12.20 01:36:24 [f:"/var/www/roketk12393/data/www/blago_library/loader.php", l:"107"] Нет указанного файла Classes_Favicon.icoURI: /favicon.ico
2013.12.20 01:36:24 [f:"/var/www/roketk12393/data/www/blago_library/loader.php", l:"107"] Нет указанного файла Classes_Favicon.icoURI: /favicon.ico
2013.12.20 01:36:24 [f:"/var/www/roketk12393/data/www/blago_library/loader.php", l:"107"] Нет указанного файла Classes_Favicon.icoURI: /favicon.ico
2013.12.20 01:37:36 [f:"/var/www/roketk12393/data/www/blago_library/loader.php", l:"107"] Нет указанного файла Classes_DonorsURI: /ru/donors/
2013.12.20 09:47:28 [f:"/var/www/roketk12393/data/www/blago_library/loader.php", l:"107"] Нет указанного файла Classes_Favicon.icoURI: /favicon.ico
2013.12.20 09:47:28 [f:"/var/www/roketk12393/data/www/blago_library/loader.php", l:"107"] Нет указанного файла Classes_Favicon.icoURI: /favicon.ico
2013.12.20 09:47:33 [f:"/var/www/roketk12393/data/www/blago_library/loader.php", l:"107"] Нет указанного файла Classes_DonorsURI: /donors/
2013.12.20 11:46:49 [f:"/var/www/roketk12393/data/www/blago_library/loader.php", l:"107"] Нет указанного файла Classes_Favicon.icoURI: /favicon.ico
2013.12.20 11:46:49 [f:"/var/www/roketk12393/data/www/blago_library/loader.php", l:"107"] Нет указанного файла Classes_Favicon.icoURI: /favicon.ico
2013.12.20 11:46:49 [f:"/var/www/roketk12393/data/www/blago_library/loader.php", l:"107"] Нет указанного файла Classes_Favicon.icoURI: /favicon.ico
2013.12.20 11:46:56 [f:"/var/www/roketk12393/data/www/blago_library/loader.php", l:"107"] Нет указанного файла Classes_DonorsURI: /ru/donors/
2013.12.21 02:19:48 [f:"/var/www/roketk12393/data/www/blago_library/loader.php", l:"107"] Нет указанного файла Classes_Favicon.icoURI: /favicon.ico
2013.12.21 02:19:49 [f:"/var/www/roketk12393/data/www/blago_library/loader.php", l:"107"] Нет указанного файла Classes_Favicon.icoURI: /favicon.ico
2013.12.21 02:19:49 [f:"/var/www/roketk12393/data/www/blago_library/loader.php", l:"107"] Нет указанного файла Classes_Favicon.icoURI: /favicon.ico
2013.12.21 02:20:01 [f:"/var/www/roketk12393/data/www/blago_library/loader.php", l:"107"] Нет указанного файла Classes_DonorsURI: /ru/donors/
2013.12.21 02:20:05 [f:"/var/www/roketk12393/data/www/blago_library/loader.php", l:"107"] Нет указанного файла Classes_DonorsURI: /ru/donors/
2013.12.21 02:39:49 [f:"/var/www/roketk12393/data/www/blago_library/loader.php", l:"107"] Нет указанного файла Classes_Favicon.icoURI: /favicon.ico
2013.12.21 02:39:55 [f:"/var/www/roketk12393/data/www/blago_library/loader.php", l:"107"] Нет указанного файла Classes_DonorsURI: /donors/
2013.12.21 03:03:22 [f:"/var/www/roketk12393/data/www/blago_library/loader.php", l:"107"] Нет указанного файла Classes_Favicon.icoURI: /favicon.ico
2013.12.21 03:03:22 [f:"/var/www/roketk12393/data/www/blago_library/loader.php", l:"107"] Нет указанного файла Classes_Favicon.icoURI: /favicon.ico
2013.12.21 03:03:22 [f:"/var/www/roketk12393/data/www/blago_library/loader.php", l:"107"] Нет указанного файла Classes_Favicon.icoURI: /favicon.ico
2013.12.21 03:20:10 [f:"/var/www/roketk12393/data/www/blago_library/loader.php", l:"107"] Нет указанного файла Classes_Html5.jsURI: /js/html5.js
2013.12.21 03:20:10 [f:"/var/www/roketk12393/data/www/blago_library/loader.php", l:"107"] Нет указанного файла Classes_Jquery.jsURI: /js/jquery.js
2013.12.21 03:25:55 [f:"/var/www/roketk12393/data/www/blago_library/loader.php", l:"107"] Нет указанного файла Classes_Html5.jsURI: /js/html5.js
2013.12.21 03:25:55 [f:"/var/www/roketk12393/data/www/blago_library/loader.php", l:"107"] Нет указанного файла Classes_Jquery.jsURI: /js/jquery.js
2013.12.21 03:26:29 [f:"/var/www/roketk12393/data/www/blago_library/loader.php", l:"107"] Нет указанного файла Classes_Html5.jsURI: /js/html5.js
2013.12.21 03:26:29 [f:"/var/www/roketk12393/data/www/blago_library/loader.php", l:"107"] Нет указанного файла Classes_Jquery.jsURI: /js/jquery.js
2013.12.21 03:27:57 [f:"/var/www/roketk12393/data/www/blago_library/loader.php", l:"107"] Нет указанного файла Classes_Html5.jsURI: /js/html5.js
2013.12.21 03:27:57 [f:"/var/www/roketk12393/data/www/blago_library/loader.php", l:"107"] Нет указанного файла Classes_Jquery.jsURI: /js/jquery.js
2013.12.21 03:29:13 [f:"/var/www/roketk12393/data/www/blago_library/loader.php", l:"107"] Нет указанного файла Classes_Html5.jsURI: /js/html5.js
2013.12.21 03:29:13 [f:"/var/www/roketk12393/data/www/blago_library/loader.php", l:"107"] Нет указанного файла Classes_Jquery.jsURI: /js/jquery.js
2013.12.21 03:31:42 [f:"/var/www/roketk12393/data/www/blago_library/loader.php", l:"107"] Нет указанного файла Classes_Jquery.jsURI: /js/jquery.js
2013.12.21 03:31:42 [f:"/var/www/roketk12393/data/www/blago_library/loader.php", l:"107"] Нет указанного файла Classes_Html5.jsURI: /js/html5.js
2013.12.21 03:35:54 [f:"/var/www/roketk12393/data/www/blago_library/loader.php", l:"107"] Нет указанного файла Classes_Jquery.jsURI: /js/jquery.js
2013.12.21 03:35:54 [f:"/var/www/roketk12393/data/www/blago_library/loader.php", l:"107"] Нет указанного файла Classes_Html5.jsURI: /js/html5.js
2013.12.21 03:40:20 [f:"/var/www/roketk12393/data/www/blago_library/loader.php", l:"107"] Нет указанного файла Classes_Jquery.jsURI: /js/jquery.js
2013.12.21 03:40:20 [f:"/var/www/roketk12393/data/www/blago_library/loader.php", l:"107"] Нет указанного файла Classes_Html5.jsURI: /js/html5.js
2013.12.21 03:41:40 [f:"/var/www/roketk12393/data/www/blago_library/loader.php", l:"107"] Нет указанного файла Classes_Html5.jsURI: /js/html5.js
2013.12.21 03:41:40 [f:"/var/www/roketk12393/data/www/blago_library/loader.php", l:"107"] Нет указанного файла Classes_Jquery.jsURI: /js/jquery.js
2013.12.21 03:41:42 [f:"/var/www/roketk12393/data/www/blago_library/loader.php", l:"107"] Нет указанного файла Classes_Html5.jsURI: /js/html5.js
2013.12.21 03:41:42 [f:"/var/www/roketk12393/data/www/blago_library/loader.php", l:"107"] Нет указанного файла Classes_Jquery.jsURI: /js/jquery.js
2013.12.21 04:03:33 [f:"/var/www/roketk12393/data/www/blago_library/loader.php", l:"107"] Нет указанного файла ModelURI: /user/login/
2013.12.21 04:14:47 [f:"/var/www/roketk12393/data/www/blago_library/loader.php", l:"107"] Нет указанного файла Classes_UaURI: /ru/ua/
2013.12.21 11:14:52 [f:"/var/www/roketk12393/data/www/blago_library/loader.php", l:"107"] Нет указанного файла Classes_Favicon.icoURI: /favicon.ico
2013.12.21 11:14:52 [f:"/var/www/roketk12393/data/www/blago_library/loader.php", l:"107"] Нет указанного файла Classes_Favicon.icoURI: /favicon.ico
2013.12.21 11:14:52 [f:"/var/www/roketk12393/data/www/blago_library/loader.php", l:"107"] Нет указанного файла Classes_Favicon.icoURI: /favicon.ico
2013.12.21 11:14:55 [f:"/var/www/roketk12393/data/www/blago_library/loader.php", l:"107"] Нет указанного файла Classes_DonorsURI: /ru/donors/
2013.12.21 11:15:23 [f:"/var/www/roketk12393/data/www/blago_library/loader.php", l:"107"] Нет указанного файла Classes_DonorsURI: /ru/donors/
2013.12.21 15:19:26 [f:"/var/www/roketk12393/data/www/blago_library/loader.php", l:"107"] Нет указанного файла Classes_Favicon.icoURI: /favicon.ico
2013.12.21 15:46:24 [f:"/var/www/roketk12393/data/www/blago_library/loader.php", l:"107"] Нет указанного файла Classes_Favicon.icoURI: /favicon.ico
2013.12.21 15:50:03 [f:"/var/www/roketk12393/data/www/blago_library/loader.php", l:"107"] Нет указанного файла Classes_Favicon.icoURI: /favicon.ico
2013.12.21 15:53:42 [f:"/var/www/roketk12393/data/www/b.aniport.net/index.php", l:"70"] Неверно указаны параметры запроса done::orderAction()URI: /ru/done/order/need/
2013.12.21 15:53:49 [f:"/var/www/roketk12393/data/www/b.aniport.net/index.php", l:"70"] Неверно указаны параметры запроса done::orderAction()URI: /ru/done/order/need/
2013.12.21 15:55:25 [f:"/var/www/roketk12393/data/www/blago_library/loader.php", l:"107"] Нет указанного файла Classes_Favicon.icoURI: /favicon.ico
2013.12.21 15:55:27 [f:"/var/www/roketk12393/data/www/blago_library/loader.php", l:"107"] Нет указанного файла Classes_ProjectURI: /ru/project/order/need/
2013.12.21 15:55:40 [f:"/var/www/roketk12393/data/www/blago_library/loader.php", l:"107"] Нет указанного файла Classes_Favicon.icoURI: /favicon.ico
2013.12.21 15:59:34 [f:"/var/www/roketk12393/data/www/blago_library/loader.php", l:"107"] Нет указанного файла Classes_Favicon.icoURI: /favicon.ico
2013.12.21 16:00:21 [f:"/var/www/roketk12393/data/www/blago_library/loader.php", l:"107"] Нет указанного файла Classes_Favicon.icoURI: /favicon.ico
2013.12.21 16:01:56 [f:"/var/www/roketk12393/data/www/blago_library/loader.php", l:"107"] Нет указанного файла Classes_Favicon.icoURI: /favicon.ico
2013.12.21 16:02:04 [f:"/var/www/roketk12393/data/www/blago_library/loader.php", l:"107"] Нет указанного файла Classes_Favicon.icoURI: /favicon.ico
2013.12.21 16:33:21 [f:"/var/www/roketk12393/data/www/blago_library/loader.php", l:"107"] Нет указанного файла donorsModelURI: /ru/donors/
2013.12.21 17:48:01 [f:"/var/www/roketk12393/data/www/b.aniport.net/index.php", l:"70"] Неверно указаны параметры запроса donors::indexAction()URI: /ru/donors/images/anonim_donor.jpg
2013.12.21 17:48:39 [f:"/var/www/roketk12393/data/www/b.aniport.net/index.php", l:"70"] Неверно указаны параметры запроса donors::indexAction()URI: /ru/donors/images/anonim_donor.jpg
2013.12.21 17:48:42 [f:"/var/www/roketk12393/data/www/b.aniport.net/index.php", l:"70"] Неверно указаны параметры запроса donors::indexAction()URI: /ru/donors/images/anonim_donor.jpg
2013.12.21 18:16:20 [f:"/var/www/roketk12393/data/www/blago_library/loader.php", l:"107"] Нет указанного файла Classes_ProjectURI: /project/
2013.12.21 18:26:11 [f:"/var/www/roketk12393/data/www/blago_library/classes/projects.php", l:"68"] Страница не найденаURI: /ru/projects/1-pershui-proekt/
2013.12.21 19:03:21 [f:"/var/www/roketk12393/data/www/blago_library/loader.php", l:"107"] Нет указанного файла Classes_Favicon.icoURI: /favicon.ico
2013.12.21 19:03:21 [f:"/var/www/roketk12393/data/www/blago_library/loader.php", l:"107"] Нет указанного файла Classes_Favicon.icoURI: /favicon.ico
2013.12.21 19:03:21 [f:"/var/www/roketk12393/data/www/blago_library/loader.php", l:"107"] Нет указанного файла Classes_Favicon.icoURI: /favicon.ico
2013.12.21 19:05:28 [f:"/var/www/roketk12393/data/www/blago_library/loader.php", l:"107"] Нет указанного файла Classes_Favicon.icoURI: /favicon.ico
2013.12.21 21:04:24 [f:"/var/www/roketk12393/data/www/blago_library/loader.php", l:"107"] Нет указанного файла Classes_Favicon.icoURI: /favicon.ico
2013.12.21 21:04:24 [f:"/var/www/roketk12393/data/www/blago_library/loader.php", l:"107"] Нет указанного файла Classes_Favicon.icoURI: /favicon.ico
2013.12.21 21:04:24 [f:"/var/www/roketk12393/data/www/blago_library/loader.php", l:"107"] Нет указанного файла Classes_Favicon.icoURI: /favicon.ico
2013.12.21 21:04:57 [f:"/var/www/roketk12393/data/www/blago_library/classes/done.php", l:"73"] Страница не найденаURI: /ru/done/5-5-proekt/
2013.12.21 22:20:29 [f:"/var/www/roketk12393/data/www/blago_library/loader.php", l:"107"] Нет указанного файла Classes_Favicon.icoURI: /favicon.ico
2013.12.21 22:20:29 [f:"/var/www/roketk12393/data/www/blago_library/loader.php", l:"107"] Нет указанного файла Classes_Favicon.icoURI: /favicon.ico
2013.12.21 22:20:29 [f:"/var/www/roketk12393/data/www/blago_library/loader.php", l:"107"] Нет указанного файла Classes_Favicon.icoURI: /favicon.ico
2013.12.22 00:24:52 [f:"/var/www/roketk12393/data/www/blago_library/loader.php", l:"107"] Нет указанного файла Classes_Favicon.icoURI: /favicon.ico
2013.12.22 00:24:52 [f:"/var/www/roketk12393/data/www/blago_library/loader.php", l:"107"] Нет указанного файла Classes_Favicon.icoURI: /favicon.ico
2013.12.22 00:24:52 [f:"/var/www/roketk12393/data/www/blago_library/loader.php", l:"107"] Нет указанного файла Classes_Favicon.icoURI: /favicon.ico
2013.12.22 12:58:52 [f:"/var/www/roketk12393/data/www/blago_library/loader.php", l:"107"] Нет указанного файла Classes_Favicon.icoURI: /favicon.ico
2013.12.22 12:58:52 [f:"/var/www/roketk12393/data/www/blago_library/loader.php", l:"107"] Нет указанного файла Classes_Favicon.icoURI: /favicon.ico
2013.12.22 12:58:52 [f:"/var/www/roketk12393/data/www/blago_library/loader.php", l:"107"] Нет указанного файла Classes_Favicon.icoURI: /favicon.ico
2013.12.22 13:00:30 [f:"/var/www/roketk12393/data/www/blago_library/classes/done.php", l:"73"] Страница не найденаURI: /ru/done/2-vtoroi-proekt/
2013.12.22 13:00:33 [f:"/var/www/roketk12393/data/www/blago_library/classes/done.php", l:"73"] Страница не найденаURI: /ru/done/5-5-proekt/
2013.12.22 13:03:32 [f:"/var/www/roketk12393/data/www/blago_library/loader.php", l:"107"] Нет указанного файла Classes_Favicon.icoURI: /favicon.ico
2013.12.22 13:03:32 [f:"/var/www/roketk12393/data/www/blago_library/loader.php", l:"107"] Нет указанного файла Classes_Favicon.icoURI: /favicon.ico
2013.12.22 13:03:32 [f:"/var/www/roketk12393/data/www/blago_library/loader.php", l:"107"] Нет указанного файла Classes_Favicon.icoURI: /favicon.ico
2013.12.22 13:47:12 [f:"/var/www/roketk12393/data/www/b.aniport.net/index.php", l:"70"] Неверно указаны параметры запроса projects::indexAction()URI: /ua/projects/images/bmw_donor.jpg
2013.12.22 13:47:12 [f:"/var/www/roketk12393/data/www/b.aniport.net/index.php", l:"70"] Неверно указаны параметры запроса projects::indexAction()URI: /ua/projects/images/anonim_donor.jpg
2013.12.22 13:47:12 [f:"/var/www/roketk12393/data/www/b.aniport.net/index.php", l:"70"] Неверно указаны параметры запроса projects::indexAction()URI: /ua/projects/images/anime_donor.jpg
2013.12.22 13:47:38 [f:"/var/www/roketk12393/data/www/b.aniport.net/index.php", l:"70"] Неверно указаны параметры запроса projects::indexAction()URI: /ru/projects/images/anime_donor.jpg
2013.12.22 13:47:38 [f:"/var/www/roketk12393/data/www/b.aniport.net/index.php", l:"70"] Неверно указаны параметры запроса projects::indexAction()URI: /ru/projects/images/anonim_donor.jpg
2013.12.22 13:47:38 [f:"/var/www/roketk12393/data/www/b.aniport.net/index.php", l:"70"] Неверно указаны параметры запроса projects::indexAction()URI: /ru/projects/images/bmw_donor.jpg
2013.12.22 13:47:41 [f:"/var/www/roketk12393/data/www/b.aniport.net/index.php", l:"70"] Неверно указаны параметры запроса projects::indexAction()URI: /ua/projects/images/anonim_donor.jpg
2013.12.22 13:47:41 [f:"/var/www/roketk12393/data/www/b.aniport.net/index.php", l:"70"] Неверно указаны параметры запроса projects::indexAction()URI: /ua/projects/images/bmw_donor.jpg
2013.12.22 13:47:41 [f:"/var/www/roketk12393/data/www/b.aniport.net/index.php", l:"70"] Неверно указаны параметры запроса projects::indexAction()URI: /ua/projects/images/anime_donor.jpg
2013.12.22 13:48:52 [f:"/var/www/roketk12393/data/www/b.aniport.net/index.php", l:"70"] Неверно указаны параметры запроса projects::indexAction()URI: /ua/projects/images/anonim_donor.jpg
2013.12.22 13:48:53 [f:"/var/www/roketk12393/data/www/b.aniport.net/index.php", l:"70"] Неверно указаны параметры запроса projects::indexAction()URI: /ua/projects/images/bmw_donor.jpg
2013.12.22 13:48:53 [f:"/var/www/roketk12393/data/www/b.aniport.net/index.php", l:"70"] Неверно указаны параметры запроса projects::indexAction()URI: /ua/projects/images/anime_donor.jpg
2013.12.22 13:50:27 [f:"/var/www/roketk12393/data/www/b.aniport.net/index.php", l:"70"] Неверно указаны параметры запроса projects::indexAction()URI: /ua/projects/images/anime_donor.jpg
2013.12.22 13:50:27 [f:"/var/www/roketk12393/data/www/b.aniport.net/index.php", l:"70"] Неверно указаны параметры запроса projects::indexAction()URI: /ua/projects/images/anonim_donor.jpg
2013.12.22 13:50:27 [f:"/var/www/roketk12393/data/www/b.aniport.net/index.php", l:"70"] Неверно указаны параметры запроса projects::indexAction()URI: /ua/projects/images/bmw_donor.jpg
2013.12.22 13:51:11 [f:"/var/www/roketk12393/data/www/b.aniport.net/index.php", l:"70"] Неверно указаны параметры запроса projects::indexAction()URI: /ru/projects/images/bmw_donor.jpg
2013.12.22 13:51:11 [f:"/var/www/roketk12393/data/www/b.aniport.net/index.php", l:"70"] Неверно указаны параметры запроса projects::indexAction()URI: /ru/projects/images/anonim_donor.jpg
2013.12.22 13:51:11 [f:"/var/www/roketk12393/data/www/b.aniport.net/index.php", l:"70"] Неверно указаны параметры запроса projects::indexAction()URI: /ru/projects/images/anime_donor.jpg
2013.12.22 13:51:18 [f:"/var/www/roketk12393/data/www/b.aniport.net/index.php", l:"70"] Неверно указаны параметры запроса projects::indexAction()URI: /ua/projects/images/bmw_donor.jpg
2013.12.22 13:51:18 [f:"/var/www/roketk12393/data/www/b.aniport.net/index.php", l:"70"] Неверно указаны параметры запроса projects::indexAction()URI: /ua/projects/images/anime_donor.jpg
2013.12.22 13:51:18 [f:"/var/www/roketk12393/data/www/b.aniport.net/index.php", l:"70"] Неверно указаны параметры запроса projects::indexAction()URI: /ua/projects/images/anonim_donor.jpg
2013.12.22 13:51:27 [f:"/var/www/roketk12393/data/www/b.aniport.net/index.php", l:"70"] Неверно указаны параметры запроса projects::indexAction()URI: /ru/projects/images/anonim_donor.jpg
2013.12.22 13:51:27 [f:"/var/www/roketk12393/data/www/b.aniport.net/index.php", l:"70"] Неверно указаны параметры запроса projects::indexAction()URI: /ru/projects/images/bmw_donor.jpg
2013.12.22 13:51:27 [f:"/var/www/roketk12393/data/www/b.aniport.net/index.php", l:"70"] Неверно указаны параметры запроса projects::indexAction()URI: /ru/projects/images/anime_donor.jpg
2013.12.22 13:51:53 [f:"/var/www/roketk12393/data/www/b.aniport.net/index.php", l:"70"] Неверно указаны параметры запроса projects::indexAction()URI: /ru/projects/images/anonim_donor.jpg
2013.12.22 13:51:53 [f:"/var/www/roketk12393/data/www/b.aniport.net/index.php", l:"70"] Неверно указаны параметры запроса projects::indexAction()URI: /ru/projects/images/anime_donor.jpg
2013.12.22 13:51:53 [f:"/var/www/roketk12393/data/www/b.aniport.net/index.php", l:"70"] Неверно указаны параметры запроса projects::indexAction()URI: /ru/projects/images/bmw_donor.jpg
2013.12.22 13:51:58 [f:"/var/www/roketk12393/data/www/b.aniport.net/index.php", l:"70"] Неверно указаны параметры запроса projects::indexAction()URI: /ua/projects/images/anime_donor.jpg
2013.12.22 13:51:58 [f:"/var/www/roketk12393/data/www/b.aniport.net/index.php", l:"70"] Неверно указаны параметры запроса projects::indexAction()URI: /ua/projects/images/anonim_donor.jpg
2013.12.22 13:51:58 [f:"/var/www/roketk12393/data/www/b.aniport.net/index.php", l:"70"] Неверно указаны параметры запроса projects::indexAction()URI: /ua/projects/images/bmw_donor.jpg
2013.12.22 13:53:34 [f:"/var/www/roketk12393/data/www/b.aniport.net/index.php", l:"70"] Неверно указаны параметры запроса projects::indexAction()URI: /ua/projects/images/anime_donor.jpg
2013.12.22 13:53:34 [f:"/var/www/roketk12393/data/www/b.aniport.net/index.php", l:"70"] Неверно указаны параметры запроса projects::indexAction()URI: /ua/projects/images/bmw_donor.jpg
2013.12.22 13:53:34 [f:"/var/www/roketk12393/data/www/b.aniport.net/index.php", l:"70"] Неверно указаны параметры запроса projects::indexAction()URI: /ua/projects/images/anonim_donor.jpg
2013.12.22 13:54:17 [f:"/var/www/roketk12393/data/www/b.aniport.net/index.php", l:"70"] Неверно указаны параметры запроса projects::indexAction()URI: /ua/projects/images/anime_donor.jpg
2013.12.22 13:54:17 [f:"/var/www/roketk12393/data/www/b.aniport.net/index.php", l:"70"] Неверно указаны параметры запроса projects::indexAction()URI: /ua/projects/images/anonim_donor.jpg
2013.12.22 13:54:17 [f:"/var/www/roketk12393/data/www/b.aniport.net/index.php", l:"70"] Неверно указаны параметры запроса projects::indexAction()URI: /ua/projects/images/bmw_donor.jpg
2013.12.22 13:54:20 [f:"/var/www/roketk12393/data/www/b.aniport.net/index.php", l:"70"] Неверно указаны параметры запроса projects::indexAction()URI: /ru/projects/images/anonim_donor.jpg
2013.12.22 13:54:20 [f:"/var/www/roketk12393/data/www/b.aniport.net/index.php", l:"70"] Неверно указаны параметры запроса projects::indexAction()URI: /ru/projects/images/anime_donor.jpg
2013.12.22 13:54:20 [f:"/var/www/roketk12393/data/www/b.aniport.net/index.php", l:"70"] Неверно указаны параметры запроса projects::indexAction()URI: /ru/projects/images/bmw_donor.jpg
2013.12.22 13:54:38 [f:"/var/www/roketk12393/data/www/b.aniport.net/index.php", l:"70"] Неверно указаны параметры запроса projects::indexAction()URI: /ua/projects/images/anonim_donor.jpg
2013.12.22 13:54:38 [f:"/var/www/roketk12393/data/www/b.aniport.net/index.php", l:"70"] Неверно указаны параметры запроса projects::indexAction()URI: /ua/projects/images/bmw_donor.jpg
2013.12.22 13:54:38 [f:"/var/www/roketk12393/data/www/b.aniport.net/index.php", l:"70"] Неверно указаны параметры запроса projects::indexAction()URI: /ua/projects/images/anime_donor.jpg
2013.12.22 13:58:12 [f:"/var/www/roketk12393/data/www/blago_library/classes/projects.php", l:"85"] Страница не найденаURI: /ru/projects/2-vtoroi-proekt/
2013.12.22 13:59:04 [f:"/var/www/roketk12393/data/www/blago_library/classes/projects.php", l:"85"] Страница не найденаURI: /ru/projects/2-vtoroi-proekt/
2013.12.22 14:04:43 [f:"/var/www/roketk12393/data/www/b.aniport.net/index.php", l:"70"] Неверно указаны параметры запроса projects::indexAction()URI: /ua/projects/images/anonim_donor.jpg
2013.12.22 14:04:43 [f:"/var/www/roketk12393/data/www/b.aniport.net/index.php", l:"70"] Неверно указаны параметры запроса projects::indexAction()URI: /ua/projects/images/anime_donor.jpg
2013.12.22 14:04:43 [f:"/var/www/roketk12393/data/www/b.aniport.net/index.php", l:"70"] Неверно указаны параметры запроса projects::indexAction()URI: /ua/projects/images/bmw_donor.jpg
2013.12.22 14:04:45 [f:"/var/www/roketk12393/data/www/b.aniport.net/index.php", l:"70"] Неверно указаны параметры запроса projects::indexAction()URI: /ru/projects/images/bmw_donor.jpg
2013.12.22 14:04:46 [f:"/var/www/roketk12393/data/www/b.aniport.net/index.php", l:"70"] Неверно указаны параметры запроса projects::indexAction()URI: /ru/projects/images/anonim_donor.jpg
2013.12.22 14:04:46 [f:"/var/www/roketk12393/data/www/b.aniport.net/index.php", l:"70"] Неверно указаны параметры запроса projects::indexAction()URI: /ru/projects/images/anime_donor.jpg
2013.12.22 15:34:35 [f:"/var/www/roketk12393/data/www/blago_library/loader.php", l:"107"] Нет указанного файла Classes_Favicon.icoURI: /favicon.ico
2013.12.22 17:07:48 [f:"/var/www/roketk12393/data/www/blago_library/loader.php", l:"107"] Нет указанного файла Classes_Favicon.icoURI: /favicon.ico
2013.12.22 17:07:48 [f:"/var/www/roketk12393/data/www/blago_library/loader.php", l:"107"] Нет указанного файла Classes_Favicon.icoURI: /favicon.ico
2013.12.22 17:43:58 [f:"/var/www/roketk12393/data/www/blago_library/classes/admin.php", l:"11"] Страница не найденаURI: /ru/admin/
2013.12.22 20:15:23 [f:"/var/www/roketk12393/data/www/blago_library/loader.php", l:"107"] Нет указанного файла Classes_Favicon.icoURI: /favicon.ico
2013.12.22 20:15:23 [f:"/var/www/roketk12393/data/www/blago_library/loader.php", l:"107"] Нет указанного файла Classes_Favicon.icoURI: /favicon.ico
2013.12.22 20:15:23 [f:"/var/www/roketk12393/data/www/blago_library/loader.php", l:"107"] Нет указанного файла Classes_Favicon.icoURI: /favicon.ico
2013.12.22 21:03:08 [f:"/var/www/roketk12393/data/www/blago_library/classes/done.php", l:"73"] Страница не найденаURI: /ru/done/5-5-proekt/
2013.12.22 21:03:31 [f:"/var/www/roketk12393/data/www/blago_library/classes/done.php", l:"73"] Страница не найденаURI: /ru/done/5-5-proekt/
2013.12.22 21:03:48 [f:"/var/www/roketk12393/data/www/blago_library/classes/done.php", l:"73"] Страница не найденаURI: /ru/done/5-5-proekt/
2013.12.22 21:03:50 [f:"/var/www/roketk12393/data/www/blago_library/classes/done.php", l:"73"] Страница не найденаURI: /ru/done/5-5-proekt/
2013.12.22 22:39:31 [f:"/var/www/roketk12393/data/www/blago_library/loader.php", l:"107"] Нет указанного файла Classes_Favicon.icoURI: /favicon.ico
2013.12.22 23:05:45 [f:"/var/www/roketk12393/data/www/blago_library/loader.php", l:"107"] Нет указанного файла Classes_Favicon.icoURI: /favicon.ico
2013.12.22 23:05:45 [f:"/var/www/roketk12393/data/www/blago_library/loader.php", l:"107"] Нет указанного файла Classes_Favicon.icoURI: /favicon.ico
2013.12.22 23:05:45 [f:"/var/www/roketk12393/data/www/blago_library/loader.php", l:"107"] Нет указанного файла Classes_Favicon.icoURI: /favicon.ico
2013.12.23 00:13:00 [f:"/var/www/roketk12393/data/www/blago_library/classes/donors.php", l:"64"] Страница не найденаURI: /ru/donors/3/
2013.12.23 00:22:10 [f:"/var/www/roketk12393/data/www/b.aniport.net/index.php", l:"70"] Неверно указаны параметры запроса donors::indexAction()URI: /ua/donors/images/sport_little.jpg
2013.12.23 00:22:10 [f:"/var/www/roketk12393/data/www/b.aniport.net/index.php", l:"70"] Неверно указаны параметры запроса donors::indexAction()URI: /ua/donors/images/school_little.jpg
2013.12.23 00:22:14 [f:"/var/www/roketk12393/data/www/b.aniport.net/index.php", l:"70"] Неверно указаны параметры запроса donors::indexAction()URI: /ru/donors/images/school_little.jpg
2013.12.23 00:22:14 [f:"/var/www/roketk12393/data/www/b.aniport.net/index.php", l:"70"] Неверно указаны параметры запроса donors::indexAction()URI: /ru/donors/images/sport_little.jpg
2013.12.23 00:35:32 [f:"/var/www/roketk12393/data/www/b.aniport.net/index.php", l:"70"] Неверно указаны параметры запроса donors::indexAction()URI: /ru/donors/images/sport_little.jpg
2013.12.23 00:35:32 [f:"/var/www/roketk12393/data/www/b.aniport.net/index.php", l:"70"] Неверно указаны параметры запроса donors::indexAction()URI: /ru/donors/images/school_little.jpg
2013.12.23 01:46:21 [f:"/var/www/roketk12393/data/www/blago_library/loader.php", l:"107"] Нет указанного файла Classes_Favicon.icoURI: /favicon.ico
2013.12.23 01:46:50 [f:"/var/www/roketk12393/data/www/blago_library/loader.php", l:"107"] Нет указанного файла Classes_Favicon.icoURI: /favicon.ico
2013.12.23 09:47:55 [f:"/var/www/roketk12393/data/www/blago_library/loader.php", l:"107"] Нет указанного файла Classes_Favicon.icoURI: /favicon.ico
2013.12.23 09:47:55 [f:"/var/www/roketk12393/data/www/blago_library/loader.php", l:"107"] Нет указанного файла Classes_Favicon.icoURI: /favicon.ico
2013.12.23 12:24:44 [f:"/var/www/roketk12393/data/www/blago_library/loader.php", l:"107"] Нет указанного файла Classes_Favicon.icoURI: /favicon.ico
2013.12.23 12:24:44 [f:"/var/www/roketk12393/data/www/blago_library/loader.php", l:"107"] Нет указанного файла Classes_Favicon.icoURI: /favicon.ico
2013.12.23 12:24:44 [f:"/var/www/roketk12393/data/www/blago_library/loader.php", l:"107"] Нет указанного файла Classes_Favicon.icoURI: /favicon.ico
2013.12.23 12:55:17 [f:"/var/www/roketk12393/data/www/blago_library/loader.php", l:"107"] Нет указанного файла Classes_Favicon.icoURI: /favicon.ico
2013.12.23 12:56:16 [f:"/var/www/roketk12393/data/www/blago_library/classes/admin.php", l:"11"] Страница не найденаURI: /admin/
2013.12.26 12:50:09 [f:"/var/www/roketk12393/data/www/blago_library/loader.php", l:"118"] Нет указанного файла Classes_Favicon.icoURI: /favicon.ico
2013.12.26 12:50:09 [f:"/var/www/roketk12393/data/www/blago_library/loader.php", l:"118"] Нет указанного файла Classes_Favicon.icoURI: /favicon.ico
2013.12.26 13:21:11 [f:"/var/www/roketk12393/data/www/blago_library/loader.php", l:"118"] Нет указанного файла Classes_Favicon.icoURI: /favicon.ico
2013.12.26 14:21:53 [f:"/var/www/roketk12393/data/www/b.aniport.net/index.php", l:"70"] Неверно указаны параметры запроса projects::createpayAction()URI: /ru/projects/createpay/4/1/
2013.12.26 23:07:47 [f:"/var/www/roketk12393/data/www/blago_library/loader.php", l:"118"] Нет указанного файла Classes_Favicon.icoURI: /favicon.ico
2013.12.27 01:44:36 [f:"/var/www/roketk12393/data/www/blago_library/classes/admin.php", l:"11"] Страница не найденаURI: /admin/savenewaction/
2013.12.27 01:46:40 [f:"/var/www/roketk12393/data/www/blago_library/classes/admin.php", l:"11"] Страница не найденаURI: /admin/system/
2013.12.27 01:47:45 [f:"/var/www/roketk12393/data/www/b.aniport.net/index.php", l:"70"] Неверно указаны параметры запроса admin::indexAction()URI: /admin/actionsavenew/
2013.12.27 01:58:36 [f:"/var/www/roketk12393/data/www/b.aniport.net/index.php", l:"70"] Неверно указаны параметры запроса admin::indexAction()URI: /admin/breadcrumbs/
2013.12.27 01:58:41 [f:"/var/www/roketk12393/data/www/b.aniport.net/index.php", l:"70"] Неверно указаны параметры запроса admin::indexAction()URI: /admin/cache/
2013.12.27 12:42:17 [f:"/var/www/roketk12393/data/www/blago_library/loader.php", l:"118"] Нет указанного файла Classes_Favicon.icoURI: /favicon.ico
2013.12.27 12:42:17 [f:"/var/www/roketk12393/data/www/blago_library/loader.php", l:"118"] Нет указанного файла Classes_Favicon.icoURI: /favicon.ico
2013.12.27 12:42:17 [f:"/var/www/roketk12393/data/www/blago_library/loader.php", l:"118"] Нет указанного файла Classes_Favicon.icoURI: /favicon.ico
2013.12.27 13:05:02 [f:"/var/www/roketk12393/data/www/blago_library/loader.php", l:"118"] Нет указанного файла Classes_Favicon.icoURI: /favicon.ico
2013.12.27 22:06:17 [f:"/var/www/roketk12393/data/www/blago_library/loader.php", l:"118"] Нет указанного файла Classes_Favicon.icoURI: /favicon.ico
2013.12.27 22:06:17 [f:"/var/www/roketk12393/data/www/blago_library/loader.php", l:"118"] Нет указанного файла Classes_Favicon.icoURI: /favicon.ico
2013.12.27 22:06:17 [f:"/var/www/roketk12393/data/www/blago_library/loader.php", l:"118"] Нет указанного файла Classes_Favicon.icoURI: /favicon.ico
2013.12.28 00:44:33 [f:"/var/www/roketk12393/data/www/blago_library/loader.php", l:"118"] Нет указанного файла Classes_Favicon.icoURI: /favicon.ico
2013.12.28 02:22:51 [f:"/var/www/roketk12393/data/www/b.aniport.net/index.php", l:"70"] Неверно указаны параметры запроса admin::indexAction()URI: /admin/menu/
2013.12.28 02:29:41 [f:"/var/www/roketk12393/data/www/blago_library/loader.php", l:"118"] Нет указанного файла Classes_Favicon.icoURI: /favicon.ico
2013.12.28 03:00:01 [f:"/var/www/roketk12393/data/www/blago_library/loader.php", l:"118"] Нет указанного файла Classes_Favicon.icoURI: /favicon.ico
2013.12.28 17:18:41 [f:"/var/www/roketk12393/data/www/blago_library/loader.php", l:"118"] Нет указанного файла Classes_Favicon.icoURI: /favicon.ico
2013.12.28 21:21:38 [f:"/var/www/roketk12393/data/www/blago_library/loader.php", l:"118"] Нет указанного файла Classes_Favicon.icoURI: /favicon.ico
2013.12.28 21:21:46 [f:"/var/www/roketk12393/data/www/blago_library/loader.php", l:"118"] Нет указанного файла Classes_Favicon.icoURI: /favicon.ico
2013.12.28 22:39:52 [f:"/var/www/roketk12393/data/www/blago_library/loader.php", l:"118"] Нет указанного файла Classes_Favicon.icoURI: /favicon.ico
2013.12.28 22:39:54 [f:"/var/www/roketk12393/data/www/b.aniport.net/index.php", l:"70"] Неверно указаны параметры запроса admin::indexAction()URI: /admin/metadata/
2013.12.28 23:06:57 [f:"/var/www/roketk12393/data/www/blago_library/classes/admin.php", l:"11"] Страница не найденаURI: /admin/lang/
2013.12.28 23:06:57 [f:"/var/www/roketk12393/data/www/blago_library/loader.php", l:"118"] Нет указанного файла Classes_Favicon.icoURI: /favicon.ico
2013.12.28 23:06:57 [f:"/var/www/roketk12393/data/www/blago_library/loader.php", l:"118"] Нет указанного файла Classes_Favicon.icoURI: /favicon.ico
2013.12.28 23:06:57 [f:"/var/www/roketk12393/data/www/blago_library/loader.php", l:"118"] Нет указанного файла Classes_Favicon.icoURI: /favicon.ico
2013.12.28 23:08:17 [f:"/var/www/roketk12393/data/www/b.aniport.net/index.php", l:"70"] Неверно указаны параметры запроса admin::indexAction()URI: /admin/projects/
2013.12.28 23:08:20 [f:"/var/www/roketk12393/data/www/b.aniport.net/index.php", l:"70"] Неверно указаны параметры запроса admin::indexAction()URI: /admin/users/
2013.12.28 23:08:24 [f:"/var/www/roketk12393/data/www/b.aniport.net/index.php", l:"70"] Неверно указаны параметры запроса admin::indexAction()URI: /admin/menu/
2013.12.28 23:09:50 [f:"/var/www/roketk12393/data/www/b.aniport.net/index.php", l:"70"] Неверно указаны параметры запроса admin::indexAction()URI: /admin/metadata/
2013.12.28 23:09:52 [f:"/var/www/roketk12393/data/www/b.aniport.net/index.php", l:"70"] Неверно указаны параметры запроса admin::indexAction()URI: /admin/menu/
2013.12.28 23:11:39 [f:"/var/www/roketk12393/data/www/blago_library/loader.php", l:"118"] Нет указанного файла Classes_Favicon.icoURI: /favicon.ico
2013.12.29 10:13:20 [f:"/var/www/roketk12393/data/www/blago_library/loader.php", l:"118"] Нет указанного файла Classes_Favicon.icoURI: /favicon.ico
2013.12.29 10:13:29 [f:"/var/www/roketk12393/data/www/blago_library/loader.php", l:"118"] Нет указанного файла Classes_UURI: /u
2013.12.29 10:13:31 [f:"/var/www/roketk12393/data/www/blago_library/loader.php", l:"118"] Нет указанного файла Classes_UseURI: /use
2013.12.29 10:13:33 [f:"/var/www/roketk12393/data/www/b.aniport.net/index.php", l:"70"] Неверно указаны параметры запроса user::indexAction()URI: /user/l
2013.12.29 10:13:34 [f:"/var/www/roketk12393/data/www/b.aniport.net/index.php", l:"70"] Неверно указаны параметры запроса user::indexAction()URI: /user/lo
2013.12.29 10:13:35 [f:"/var/www/roketk12393/data/www/b.aniport.net/index.php", l:"70"] Неверно указаны параметры запроса user::indexAction()URI: /user/log
2013.12.29 10:13:35 [f:"/var/www/roketk12393/data/www/b.aniport.net/index.php", l:"70"] Неверно указаны параметры запроса user::indexAction()URI: /user/logi
2013.12.29 10:15:04 [f:"/var/www/roketk12393/data/www/blago_library/loader.php", l:"118"] Нет указанного файла Classes_UURI: /u
2013.12.29 10:15:06 [f:"/var/www/roketk12393/data/www/blago_library/loader.php", l:"118"] Нет указанного файла Classes_UseURI: /use
2013.12.29 10:15:10 [f:"/var/www/roketk12393/data/www/b.aniport.net/index.php", l:"70"] Неверно указаны параметры запроса user::indexAction()URI: /user/l
2013.12.29 10:15:11 [f:"/var/www/roketk12393/data/www/b.aniport.net/index.php", l:"70"] Неверно указаны параметры запроса user::indexAction()URI: /user/lo
2013.12.29 10:15:12 [f:"/var/www/roketk12393/data/www/b.aniport.net/index.php", l:"70"] Неверно указаны параметры запроса user::indexAction()URI: /user/log
2013.12.29 10:15:12 [f:"/var/www/roketk12393/data/www/b.aniport.net/index.php", l:"70"] Неверно указаны параметры запроса user::indexAction()URI: /user/logo
2013.12.29 10:15:13 [f:"/var/www/roketk12393/data/www/b.aniport.net/index.php", l:"70"] Неверно указаны параметры запроса user::indexAction()URI: /user/logou
2013.12.29 21:02:32 [f:"/var/www/roketk12393/data/www/blago_library/loader.php", l:"118"] Нет указанного файла Classes_Favicon.icoURI: /favicon.ico
2013.12.29 21:03:42 [f:"/var/www/roketk12393/data/www/b.aniport.net/index.php", l:"70"] Неверно указаны параметры запроса admin::indexAction()URI: /admin/metadata/
2013.12.29 22:14:26 [f:"/var/www/roketk12393/data/www/blago_library/loader.php", l:"118"] Нет указанного файла Classes_Favicon.icoURI: /favicon.ico
2013.12.30 09:41:13 [f:"/var/www/roketk12393/data/www/blago_library/loader.php", l:"118"] Нет указанного файла Classes_Favicon.icoURI: /favicon.ico
2013.12.30 09:41:13 [f:"/var/www/roketk12393/data/www/blago_library/loader.php", l:"118"] Нет указанного файла Classes_Favicon.icoURI: /favicon.ico
2013.12.30 11:46:01 [f:"/var/www/roketk12393/data/www/blago_library/loader.php", l:"118"] Нет указанного файла Classes_Favicon.icoURI: /favicon.ico
2013.12.30 12:39:40 [f:"/var/www/roketk12393/data/www/blago_library/classes/admin.php", l:"11"] Страница не найденаURI: /admin/menu/
2013.12.30 12:39:40 [f:"/var/www/roketk12393/data/www/blago_library/loader.php", l:"118"] Нет указанного файла Classes_Favicon.icoURI: /favicon.ico
2013.12.30 12:39:40 [f:"/var/www/roketk12393/data/www/blago_library/loader.php", l:"118"] Нет указанного файла Classes_Favicon.icoURI: /favicon.ico
2013.12.30 12:39:40 [f:"/var/www/roketk12393/data/www/blago_library/loader.php", l:"118"] Нет указанного файла Classes_Favicon.icoURI: /favicon.ico
2014.01.02 14:01:29 [f:"/var/www/roketk12393/data/www/blago_library/loader.php", l:"118"] Нет указанного файла Classes_Favicon.icoURI: /favicon.ico
2014.01.02 16:18:12 [f:"/var/www/roketk12393/data/www/b.aniport.net/index.php", l:"70"] Неверно указаны параметры запроса admin::indexAction()URI: /admin/metadata/
2014.01.02 16:18:47 [f:"/var/www/roketk12393/data/www/b.aniport.net/index.php", l:"70"] Неверно указаны параметры запроса admin::indexAction()URI: /admin/staticpage/
2014.01.02 16:26:28 [f:"/var/www/roketk12393/data/www/b.aniport.net/index.php", l:"70"] Неверно указаны параметры запроса admin::indexAction()URI: /admin/metadata/
2014.01.02 17:17:27 [f:"/var/www/roketk12393/data/www/blago_library/loader.php", l:"118"] Нет указанного файла Classes_Favicon.icoURI: /favicon.ico
2014.01.02 17:51:22 [f:"/var/www/roketk12393/data/www/blago_library/classes/admin.php", l:"12"] Страница не найденаURI: /admin/lang/
2014.01.02 22:50:45 [f:"/var/www/roketk12393/data/www/blago_library/loader.php", l:"118"] Нет указанного файла Classes_Favicon.icoURI: /favicon.ico
2014.01.03 10:08:15 [f:"/var/www/roketk12393/data/www/blago_library/loader.php", l:"118"] Нет указанного файла Classes_UURI: /u
2014.01.03 10:08:17 [f:"/var/www/roketk12393/data/www/blago_library/loader.php", l:"118"] Нет указанного файла Classes_UseURI: /use
2014.01.03 10:08:19 [f:"/var/www/roketk12393/data/www/b.aniport.net/index.php", l:"70"] Неверно указаны параметры запроса user::indexAction()URI: /user/l
2014.01.03 10:08:20 [f:"/var/www/roketk12393/data/www/b.aniport.net/index.php", l:"70"] Неверно указаны параметры запроса user::indexAction()URI: /user/lo
2014.01.03 10:08:20 [f:"/var/www/roketk12393/data/www/b.aniport.net/index.php", l:"70"] Неверно указаны параметры запроса user::indexAction()URI: /user/log
2014.01.03 10:08:21 [f:"/var/www/roketk12393/data/www/b.aniport.net/index.php", l:"70"] Неверно указаны параметры запроса user::indexAction()URI: /user/logi
2014.01.03 10:08:26 [f:"/var/www/roketk12393/data/www/blago_library/loader.php", l:"118"] Нет указанного файла Classes_Favicon.icoURI: /favicon.ico
2014.01.03 10:10:12 [f:"/var/www/roketk12393/data/www/blago_library/loader.php", l:"118"] Нет указанного файла Classes_UURI: /u
2014.01.03 10:10:15 [f:"/var/www/roketk12393/data/www/b.aniport.net/index.php", l:"70"] Неверно указаны параметры запроса user::indexAction()URI: /user/l
2014.01.03 10:10:16 [f:"/var/www/roketk12393/data/www/b.aniport.net/index.php", l:"70"] Неверно указаны параметры запроса user::indexAction()URI: /user/lo
2014.01.03 10:10:17 [f:"/var/www/roketk12393/data/www/b.aniport.net/index.php", l:"70"] Неверно указаны параметры запроса user::indexAction()URI: /user/log
2014.01.03 10:10:18 [f:"/var/www/roketk12393/data/www/b.aniport.net/index.php", l:"70"] Неверно указаны параметры запроса user::indexAction()URI: /user/logo
2014.01.03 11:38:55 [f:"/var/www/roketk12393/data/www/blago_library/classes/admin.php", l:"12"] Страница не найденаURI: /admin/lang/
2014.01.03 11:38:55 [f:"/var/www/roketk12393/data/www/blago_library/loader.php", l:"118"] Нет указанного файла Classes_Favicon.icoURI: /favicon.ico
2014.01.09 12:12:04 [f:"/var/www/roketk12393/data/www/blago_library/loader.php", l:"118"] Нет указанного файла Classes_Favicon.icoURI: /favicon.ico
2014.01.10 10:25:20 [f:"/var/www/roketk12393/data/www/blago_library/loader.php", l:"118"] Нет указанного файла Classes_Favicon.icoURI: /favicon.ico
2014.01.10 10:25:20 [f:"/var/www/roketk12393/data/www/blago_library/loader.php", l:"118"] Нет указанного файла Classes_Favicon.icoURI: /favicon.ico
2014.01.10 17:29:19 [f:"/var/www/roketk12393/data/www/blago_library/loader.php", l:"118"] Нет указанного файла Classes_Favicon.icoURI: /favicon.ico
2014.01.10 19:44:13 [f:"/var/www/roketk12393/data/www/blago_library/loader.php", l:"118"] Нет указанного файла Classes_Favicon.icoURI: /favicon.ico
2014.01.10 20:19:00 [f:"/var/www/roketk12393/data/www/blago_library/loader.php", l:"118"] Нет указанного файла Classes_Favicon.icoURI: /favicon.ico
2014.01.10 20:19:01 [f:"/var/www/roketk12393/data/www/blago_library/loader.php", l:"118"] Нет указанного файла Classes_Favicon.icoURI: /favicon.ico
2014.01.10 22:24:18 [f:"/var/www/roketk12393/data/www/blago_library/classes/admin.php", l:"12"] Страница не найденаURI: /admin/projectphotos/1/
2014.01.10 22:24:19 [f:"/var/www/roketk12393/data/www/blago_library/classes/admin.php", l:"12"] Страница не найденаURI: /admin/getprojectpays/
2014.01.10 22:24:21 [f:"/var/www/roketk12393/data/www/blago_library/classes/admin.php", l:"12"] Страница не найденаURI: /admin/getprojectpays/
2014.01.10 22:24:21 [f:"/var/www/roketk12393/data/www/blago_library/classes/admin.php", l:"12"] Страница не найденаURI: /admin/projectphotos/3/
2014.01.10 22:24:23 [f:"/var/www/roketk12393/data/www/blago_library/classes/admin.php", l:"12"] Страница не найденаURI: /admin/breadcrumbs/
2014.01.10 22:24:26 [f:"/var/www/roketk12393/data/www/blago_library/classes/admin.php", l:"12"] Страница не найденаURI: /admin/projects/
2014.01.11 13:50:17 [f:"/var/www/roketk12393/data/www/blago_library/classes/admin.php", l:"12"] Страница не найденаURI: /admin/menu/
2014.01.11 13:50:39 [f:"/var/www/roketk12393/data/www/blago_library/loader.php", l:"118"] Нет указанного файла Classes_Favicon.icoURI: /favicon.ico
2014.01.11 14:52:21 [f:"/var/www/roketk12393/data/www/blago_library/loader.php", l:"118"] Нет указанного файла Classes_Favicon.icoURI: /favicon.ico
2014.01.12 21:28:45 [f:"/var/www/roketk12393/data/www/blago_library/loader.php", l:"118"] Нет указанного файла Classes_Favicon.icoURI: /favicon.ico
2014.01.13 11:26:17 [f:"/var/www/roketk12393/data/www/blago_library/classes/admin.php", l:"12"] Страница не найденаURI: /admin/projects/
2014.01.13 11:26:18 [f:"/var/www/roketk12393/data/www/blago_library/loader.php", l:"118"] Нет указанного файла Classes_Favicon.icoURI: /favicon.ico
2014.01.13 11:35:37 [f:"/var/www/roketk12393/data/www/blago_library/loader.php", l:"118"] Нет указанного файла Classes_Favicon.icoURI: /favicon.ico
2014.01.13 11:35:37 [f:"/var/www/roketk12393/data/www/blago_library/loader.php", l:"118"] Нет указанного файла Classes_Favicon.icoURI: /favicon.ico
2014.01.13 11:59:41 [f:"/var/www/roketk12393/data/www/blago_library/classes/admin.php", l:"12"] Страница не найденаURI: /admin/projects/
2014.01.13 16:03:03 [f:"/var/www/roketk12393/data/www/blago_library/loader.php", l:"118"] Нет указанного файла Classes_Favicon.icoURI: /favicon.ico
2014.01.13 16:43:17 [f:"/var/www/lovech14458/data/www/blago_library/loader.php", l:"118"] Нет указанного файла Classes_Favicon.icoURI: /favicon.ico
2014.01.13 16:50:00 [f:"/var/www/lovech14458/data/www/blago_library/loader.php", l:"118"] Нет указанного файла Classes_Favicon.icoURI: /favicon.ico
2014.01.13 17:04:25 [f:"/var/www/lovech14458/data/www/blago_library/loader.php", l:"118"] Нет указанного файла Classes_Favicon.icoURI: /favicon.ico
2014.01.13 17:13:31 [f:"/var/www/lovech14458/data/www/blago_library/loader.php", l:"118"] Нет указанного файла Classes_Favicon.icoURI: /favicon.ico
2014.01.13 17:13:44 [f:"/var/www/lovech14458/data/www/blago_library/loader.php", l:"118"] Нет указанного файла Classes_Favicon.icoURI: /favicon.ico
2014.01.13 22:28:11 [f:"/var/www/lovech14458/data/www/blago_library/loader.php", l:"118"] Нет указанного файла Classes_Favicon.icoURI: /favicon.ico
2014.01.14 00:12:23 [f:"/var/www/lovech14458/data/www/blago_library/loader.php", l:"118"] Нет указанного файла Classes_Favicon.icoURI: /favicon.ico
2014.01.14 01:10:36 [f:"/var/www/lovech14458/data/www/blago_library/classes/projects.php", l:"153"] Страница не найденаURI: /projects/1-pershiy-proekt-asdf-asd
2014.01.14 01:10:42 [f:"/var/www/lovech14458/data/www/blago_library/classes/projects.php", l:"153"] Страница не найденаURI: /projects/1-pershiy-proekt-asdf-asd/
2014.01.14 09:16:20 [f:"/var/www/lovech14458/data/www/blago_library/loader.php", l:"118"] Нет указанного файла Classes_Favicon.icoURI: /favicon.ico
2014.01.14 09:16:20 [f:"/var/www/lovech14458/data/www/blago_library/loader.php", l:"118"] Нет указанного файла Classes_Favicon.icoURI: /favicon.ico
2014.01.14 09:30:28 [f:"/var/www/lovech14458/data/www/blago_library/loader.php", l:"118"] Нет указанного файла Classes_Favicon.icoURI: /favicon.ico
2014.01.14 15:11:40 [f:"/var/www/lovech14458/data/www/blago_library/loader.php", l:"118"] Нет указанного файла Classes_Favicon.icoURI: /favicon.ico
2014.01.14 17:12:08 [f:"/var/www/lovech14458/data/www/blago_library/loader.php", l:"118"] Нет указанного файла Classes_Favicon.icoURI: /favicon.ico
2014.01.14 17:12:09 [f:"/var/www/lovech14458/data/www/blago_library/loader.php", l:"118"] Нет указанного файла Classes_Favicon.icoURI: /favicon.ico
2014.01.14 17:40:11 [f:"/var/www/lovech14458/data/www/blago_library/loader.php", l:"118"] Нет указанного файла Classes_Favicon.icoURI: /favicon.ico
2014.01.14 21:46:37 [f:"/var/www/lovech14458/data/www/blago_library/loader.php", l:"118"] Нет указанного файла Classes_Favicon.icoURI: /favicon.ico
2014.01.14 21:46:37 [f:"/var/www/lovech14458/data/www/blago_library/loader.php", l:"118"] Нет указанного файла Classes_Favicon.icoURI: /favicon.ico
2014.01.14 21:46:37 [f:"/var/www/lovech14458/data/www/blago_library/loader.php", l:"118"] Нет указанного файла Classes_Favicon.icoURI: /favicon.ico
2014.01.14 22:30:57 [f:"/var/www/lovech14458/data/www/blago_library/loader.php", l:"118"] Нет указанного файла Classes_Favicon.icoURI: /favicon.ico
2014.01.15 10:41:55 [f:"/var/www/lovech14458/data/www/blago_library/loader.php", l:"118"] Нет указанного файла Classes_Favicon.icoURI: /favicon.ico
2014.01.15 13:47:44 [f:"/var/www/lovech14458/data/www/blago_library/loader.php", l:"118"] Нет указанного файла Classes_Favicon.icoURI: /favicon.ico
2014.01.15 13:47:44 [f:"/var/www/lovech14458/data/www/blago_library/loader.php", l:"118"] Нет указанного файла Classes_Favicon.icoURI: /favicon.ico
2014.01.15 13:47:44 [f:"/var/www/lovech14458/data/www/blago_library/loader.php", l:"118"] Нет указанного файла Classes_Favicon.icoURI: /favicon.ico
2014.01.16 09:04:47 [f:"/var/www/lovech14458/data/www/blago_library/loader.php", l:"118"] Нет указанного файла Classes_Favicon.icoURI: /favicon.ico
2014.01.16 09:04:47 [f:"/var/www/lovech14458/data/www/blago_library/loader.php", l:"118"] Нет указанного файла Classes_Favicon.icoURI: /favicon.ico
2014.01.16 12:04:43 [f:"/var/www/lovech14458/data/www/blago_library/loader.php", l:"118"] Нет указанного файла Classes_Favicon.icoURI: /favicon.ico
2014.01.16 12:09:19 [f:"/var/www/lovech14458/data/www/blago_library/loader.php", l:"118"] Нет указанного файла Classes_Favicon.icoURI: /favicon.ico
2014.01.16 13:45:06 [f:"/var/www/lovech14458/data/www/blago_library/classes/admin.php", l:"12"] Страница не найденаURI: /admin/lang/
2014.01.16 15:56:26 [f:"/var/www/lovech14458/data/www/blago_library/loader.php", l:"118"] Нет указанного файла Classes_Favicon.icoURI: /favicon.ico
2014.01.16 15:56:26 [f:"/var/www/lovech14458/data/www/blago_library/loader.php", l:"118"] Нет указанного файла Classes_Favicon.icoURI: /favicon.ico
2014.01.16 15:56:26 [f:"/var/www/lovech14458/data/www/blago_library/loader.php", l:"118"] Нет указанного файла Classes_Favicon.icoURI: /favicon.ico
2014.01.16 23:06:55 [f:"/var/www/lovech14458/data/www/blago_library/loader.php", l:"118"] Нет указанного файла Classes_Favicon.icoURI: /favicon.ico
2014.01.17 02:09:15 [f:"/var/www/lovech14458/data/www/blago_library/loader.php", l:"118"] Нет указанного файла Classes_Favicon.icoURI: /favicon.ico
2014.01.17 11:02:36 [f:"/var/www/lovech14458/data/www/blago_library/loader.php", l:"118"] Нет указанного файла Classes_Favicon.icoURI: /favicon.ico
2014.01.17 11:02:36 [f:"/var/www/lovech14458/data/www/blago_library/loader.php", l:"118"] Нет указанного файла Classes_Favicon.icoURI: /favicon.ico
2014.01.17 11:02:36 [f:"/var/www/lovech14458/data/www/blago_library/loader.php", l:"118"] Нет указанного файла Classes_Favicon.icoURI: /favicon.ico
2014.01.17 12:20:34 [f:"/var/www/lovech14458/data/www/blago_library/loader.php", l:"118"] Нет указанного файла Classes_Favicon.icoURI: /favicon.ico
2014.01.17 14:05:59 [f:"/var/www/lovech14458/data/www/blago_library/loader.php", l:"118"] Нет указанного файла Classes_Favicon.icoURI: /favicon.ico
2014.01.18 00:08:08 [f:"/var/www/lovech14458/data/www/blago_library/classes/admin.php", l:"12"] Страница не найденаURI: /admin/cache/
2014.01.18 00:08:08 [f:"/var/www/lovech14458/data/www/blago_library/loader.php", l:"118"] Нет указанного файла Classes_Favicon.icoURI: /favicon.ico
2014.01.18 00:29:10 [f:"/var/www/lovech14458/data/www/blago_library/classes/admin.php", l:"12"] Страница не найденаURI: /admin/cache/
2014.01.18 00:29:10 [f:"/var/www/lovech14458/data/www/blago_library/loader.php", l:"118"] Нет указанного файла Classes_Favicon.icoURI: /favicon.ico
2014.01.18 12:25:43 [f:"/var/www/lovech14458/data/www/blago_library/loader.php", l:"118"] Нет указанного файла Classes_Favicon.icoURI: /favicon.ico
2014.01.18 12:25:43 [f:"/var/www/lovech14458/data/www/blago_library/loader.php", l:"118"] Нет указанного файла Classes_Favicon.icoURI: /favicon.ico
2014.01.18 12:25:43 [f:"/var/www/lovech14458/data/www/blago_library/loader.php", l:"118"] Нет указанного файла Classes_Favicon.icoURI: /favicon.ico
2014.01.18 22:13:33 [f:"/var/www/lovech14458/data/www/blago_library/classes/admin.php", l:"12"] Страница не найденаURI: /admin/cache/
2014.01.18 22:13:41 [f:"/var/www/lovech14458/data/www/blago_library/loader.php", l:"118"] Нет указанного файла Classes_Favicon.icoURI: /favicon.ico
2014.01.19 01:22:59 [f:"/var/www/lovech14458/data/www/blago_library/loader.php", l:"118"] Нет указанного файла Classes_Favicon.icoURI: /favicon.ico
2014.01.19 13:42:49 [f:"/var/www/lovech14458/data/www/blago_library/loader.php", l:"124"] Нет указанного файла Classes_Favicon.icoURI: /favicon.ico
2014.01.19 14:27:18 [f:"/var/www/lovech14458/data/www/blago_library/loader.php", l:"124"] Нет указанного файла Classes_Favicon.icoURI: /favicon.ico
2014.01.19 14:27:18 [f:"/var/www/lovech14458/data/www/blago_library/loader.php", l:"124"] Нет указанного файла Classes_Favicon.icoURI: /favicon.ico
2014.01.19 15:13:21 [f:"/var/www/lovech14458/data/www/blago_library/loader.php", l:"124"] Нет указанного файла Classes_Favicon.icoURI: /favicon.ico
2014.01.19 15:13:21 [f:"/var/www/lovech14458/data/www/blago_library/loader.php", l:"124"] Нет указанного файла Classes_Favicon.icoURI: /favicon.ico
2014.01.19 15:13:21 [f:"/var/www/lovech14458/data/www/blago_library/loader.php", l:"124"] Нет указанного файла Classes_Favicon.icoURI: /favicon.ico
2014.01.19 22:07:16 [f:"/var/www/lovech14458/data/www/blago_library/classes/admin.php", l:"12"] Страница не найденаURI: /admin/projects/
2014.01.19 22:07:16 [f:"/var/www/lovech14458/data/www/blago_library/loader.php", l:"124"] Нет указанного файла Classes_Favicon.icoURI: /favicon.ico
2014.01.19 22:24:43 [f:"/var/www/lovech14458/data/www/blago_library/classes/admin.php", l:"12"] Страница не найденаURI: /admin/projects/
2014.01.19 22:24:43 [f:"/var/www/lovech14458/data/www/blago_library/loader.php", l:"124"] Нет указанного файла Classes_Favicon.icoURI: /favicon.ico
2014.01.19 22:54:44 [f:"/var/www/lovech14458/data/www/blago_library/classes/admin.php", l:"12"] Страница не найденаURI: /admin/staticpage/
2014.01.19 22:54:47 [f:"/var/www/lovech14458/data/www/blago_library/classes/admin.php", l:"12"] Страница не найденаURI: /admin/staticpage/
2014.01.19 22:54:50 [f:"/var/www/lovech14458/data/www/blago_library/classes/admin.php", l:"12"] Страница не найденаURI: /admin/users/
2014.01.19 22:54:52 [f:"/var/www/lovech14458/data/www/blago_library/classes/admin.php", l:"12"] Страница не найденаURI: /admin/
2014.01.19 22:54:55 [f:"/var/www/lovech14458/data/www/blago_library/classes/admin.php", l:"12"] Страница не найденаURI: /admin/users/
2014.01.19 22:54:56 [f:"/var/www/lovech14458/data/www/blago_library/classes/admin.php", l:"12"] Страница не найденаURI: /admin/staticpage/
2014.01.19 22:54:59 [f:"/var/www/lovech14458/data/www/blago_library/classes/admin.php", l:"12"] Страница не найденаURI: /admin
2014.01.19 23:12:09 [f:"/var/www/lovech14458/data/www/blago_library/classes/admin.php", l:"12"] Страница не найденаURI: /admin
2014.01.19 23:22:56 [f:"/var/www/lovech14458/data/www/blago_library/classes/admin.php", l:"12"] Страница не найденаURI: /admin
2014.01.19 23:29:36 [f:"/var/www/lovech14458/data/www/blago_library/classes/admin.php", l:"12"] Страница не найденаURI: /admin/projects/
2014.01.19 23:35:58 [f:"/var/www/lovech14458/data/www/blago_library/loader.php", l:"124"] Нет указанного файла Classes_LangsURI: /js/langs/ru.js
2014.01.19 23:36:18 [f:"/var/www/lovech14458/data/www/blago_library/loader.php", l:"124"] Нет указанного файла Classes_SkinsURI: /js/skins/lightgray/skin.min.css
2014.01.19 23:36:18 [f:"/var/www/lovech14458/data/www/blago_library/loader.php", l:"124"] Нет указанного файла Classes_SkinsURI: /js/skins/lightgray/content.min.css
2014.01.19 23:40:40 [f:"/var/www/lovech14458/data/www/blago_library/loader.php", l:"124"] Нет указанного файла Classes_PluginsURI: /js/plugins/moxiemanager/plugin.min.js
2014.01.19 23:41:00 [f:"/var/www/lovech14458/data/www/blago_library/loader.php", l:"124"] Нет указанного файла Classes_PluginsURI: /js/plugins/moxiemanager/plugin.min.js
2014.01.19 23:41:04 [f:"/var/www/lovech14458/data/www/blago_library/loader.php", l:"124"] Нет указанного файла Classes_PluginsURI: /js/plugins/moxiemanager/plugin.min.js
2014.01.19 23:41:59 [f:"/var/www/lovech14458/data/www/blago_library/loader.php", l:"124"] Нет указанного файла Classes_PluginsURI: /js/plugins/moxiemanager/plugin.min.js
2014.01.19 23:57:53 [f:"/var/www/lovech14458/data/www/blago_library/classes/projects.php", l:"198"] Страница не найденаURI: /ru/projects/2-vtoroy-proekt/
2014.01.19 23:57:59 [f:"/var/www/lovech14458/data/www/blago_library/classes/admin.php", l:"12"] Страница не найденаURI: /admin/getprojectpays/
2014.01.19 23:57:59 [f:"/var/www/lovech14458/data/www/blago_library/classes/admin.php", l:"12"] Страница не найденаURI: /admin/projectphotos/2/
2014.01.19 23:58:05 [f:"/var/www/lovech14458/data/www/blago_library/classes/admin.php", l:"12"] Страница не найденаURI: /admin/projects/
2014.01.19 23:58:08 [f:"/var/www/lovech14458/data/www/blago_library/classes/projects.php", l:"198"] Страница не найденаURI: /ru/projects/2-vtoroy-proekt/
2014.01.19 23:58:58 [f:"/var/www/lovech14458/data/www/blago_library/classes/projects.php", l:"198"] Страница не найденаURI: /ru/projects/2-vtoroy-proekt/
2014.01.20 00:01:08 [f:"/var/www/lovech14458/data/www/blago_library/classes/admin.php", l:"12"] Страница не найденаURI: /admin/getprojectpays/
2014.01.20 00:01:08 [f:"/var/www/lovech14458/data/www/blago_library/classes/admin.php", l:"12"] Страница не найденаURI: /admin/projectphotos/2/
2014.01.20 00:09:47 [f:"/var/www/lovech14458/data/www/blago_library/classes/admin.php", l:"12"] Страница не найденаURI: /admin/settings/
2014.01.20 00:57:02 [f:"/var/www/lovech14458/data/www/blago_library/classes/admin.php", l:"12"] Страница не найденаURI: /admin/projects/
2014.01.20 00:57:04 [f:"/var/www/lovech14458/data/www/blago_library/classes/admin.php", l:"12"] Страница не найденаURI: /admin/projects/
2014.01.20 01:04:21 [f:"/var/www/lovech14458/data/www/blago_library/loader.php", l:"124"] Нет указанного файла Classes_Favicon.icoURI: /favicon.ico
2014.01.20 01:04:21 [f:"/var/www/lovech14458/data/www/blago_library/loader.php", l:"124"] Нет указанного файла Classes_Favicon.icoURI: /favicon.ico
2014.01.20 01:04:21 [f:"/var/www/lovech14458/data/www/blago_library/loader.php", l:"124"] Нет указанного файла Classes_Favicon.icoURI: /favicon.ico
2014.01.20 01:07:27 [f:"/var/www/lovech14458/data/www/blago_library/loader.php", l:"124"] Нет указанного файла Classes_Favicon.icoURI: /favicon.ico
2014.01.20 01:07:27 [f:"/var/www/lovech14458/data/www/blago_library/loader.php", l:"124"] Нет указанного файла Classes_Favicon.icoURI: /favicon.ico
2014.01.20 01:07:27 [f:"/var/www/lovech14458/data/www/blago_library/loader.php", l:"124"] Нет указанного файла Classes_Favicon.icoURI: /favicon.ico
2014.01.20 10:07:23 [f:"/var/www/lovech14458/data/www/blago_library/loader.php", l:"124"] Нет указанного файла Classes_Favicon.icoURI: /favicon.ico
2014.01.20 10:07:23 [f:"/var/www/lovech14458/data/www/blago_library/loader.php", l:"124"] Нет указанного файла Classes_Favicon.icoURI: /favicon.ico
2014.01.20 10:12:52 [f:"/var/www/lovech14458/data/www/blago_library/loader.php", l:"124"] Нет указанного файла Classes_Favicon.icoURI: /favicon.ico
2014.01.20 10:12:52 [f:"/var/www/lovech14458/data/www/blago_library/loader.php", l:"124"] Нет указанного файла Classes_Favicon.icoURI: /favicon.ico
2014.01.20 10:12:52 [f:"/var/www/lovech14458/data/www/blago_library/loader.php", l:"124"] Нет указанного файла Classes_Favicon.icoURI: /favicon.ico
2014.01.20 14:02:25 [f:"/var/www/lovech14458/data/www/blago_library/classes/admin.php", l:"12"] Страница не найденаURI: /admin/lang/
2014.01.20 14:02:27 [f:"/var/www/lovech14458/data/www/blago_library/loader.php", l:"124"] Нет указанного файла Classes_Favicon.icoURI: /favicon.ico
2014.01.20 15:30:29 [f:"/var/www/lovech14458/data/www/blago_library/loader.php", l:"124"] Нет указанного файла Classes_Favicon.icoURI: /favicon.ico
2014.01.20 16:00:10 [f:"/var/www/lovech14458/data/www/blago_library/loader.php", l:"124"] Нет указанного файла Classes_NewsURI: /ru/news/
2014.01.20 16:02:25 [f:"/var/www/lovech14458/data/www/blago_library/loader.php", l:"124"] Нет указанного файла Classes_NewsURI: /ru/news/
2014.01.20 16:02:37 [f:"/var/www/lovech14458/data/www/blago_library/loader.php", l:"124"] Нет указанного файла Classes_NewsURI: /ru/news/
2014.01.20 16:02:39 [f:"/var/www/lovech14458/data/www/blago_library/loader.php", l:"124"] Нет указанного файла Classes_NewsURI: /ru/news/
2014.01.20 16:02:40 [f:"/var/www/lovech14458/data/www/blago_library/loader.php", l:"124"] Нет указанного файла Classes_NewsURI: /ru/news/
2014.01.20 16:02:41 [f:"/var/www/lovech14458/data/www/blago_library/loader.php", l:"124"] Нет указанного файла Classes_NewsURI: /ru/news/
2014.01.20 16:02:42 [f:"/var/www/lovech14458/data/www/blago_library/loader.php", l:"124"] Нет указанного файла Classes_NewsURI: /ru/news/
2014.01.20 16:02:56 [f:"/var/www/lovech14458/data/www/blago_library/loader.php", l:"124"] Нет указанного файла Classes_NewsURI: /ru/news/
2014.01.20 16:03:12 [f:"/var/www/lovech14458/data/www/blago_library/loader.php", l:"124"] Нет указанного файла Classes_NewsURI: /ru/news/
2014.01.20 16:09:05 [f:"/var/www/lovech14458/data/www/blago_library/loader.php", l:"124"] Нет указанного файла Classes_NewsURI: /ru/news/
2014.01.20 16:21:06 [f:"/var/www/lovech14458/data/www/blago_library/loader.php", l:"124"] Нет указанного файла Classes_Favicon.icoURI: /favicon.ico
2014.01.20 16:27:14 [f:"/var/www/lovech14458/data/www/blago_library/classes/admin.php", l:"12"] Страница не найденаURI: /admin/getprojectpays/
2014.01.20 16:27:14 [f:"/var/www/lovech14458/data/www/blago_library/classes/admin.php", l:"12"] Страница не найденаURI: /admin/projectphotos/8/
2014.01.20 16:27:19 [f:"/var/www/lovech14458/data/www/blago_library/classes/admin.php", l:"12"] Страница не найденаURI: /admin/getprojectpays/
2014.01.20 16:27:19 [f:"/var/www/lovech14458/data/www/blago_library/classes/admin.php", l:"12"] Страница не найденаURI: /admin/projectphotos/9/
2014.01.20 16:27:23 [f:"/var/www/lovech14458/data/www/blago_library/classes/admin.php", l:"12"] Страница не найденаURI: /admin/projectphotos/8/
2014.01.20 16:27:23 [f:"/var/www/lovech14458/data/www/blago_library/classes/admin.php", l:"12"] Страница не найденаURI: /admin/getprojectpays/
2014.01.20 16:27:35 [f:"/var/www/lovech14458/data/www/blago_library/classes/admin.php", l:"12"] Страница не найденаURI: /admin/users/
2014.01.20 16:27:37 [f:"/var/www/lovech14458/data/www/blago_library/classes/admin.php", l:"12"] Страница не найденаURI: /admin/projects/
2014.01.20 16:27:42 [f:"/var/www/lovech14458/data/www/blago_library/classes/admin.php", l:"12"] Страница не найденаURI: /admin/
2014.01.20 16:29:20 [f:"/var/www/lovech14458/data/www/blago_library/classes/admin.php", l:"12"] Страница не найденаURI: /admin/
2014.01.20 16:31:32 [f:"/var/www/lovech14458/data/www/blago_library/classes/admin.php", l:"12"] Страница не найденаURI: /admin/
2014.01.20 16:32:29 [f:"/var/www/lovech14458/data/www/blago_library/classes/admin.php", l:"12"] Страница не найденаURI: /admin/
2014.01.20 16:32:31 [f:"/var/www/lovech14458/data/www/blago_library/classes/admin.php", l:"12"] Страница не найденаURI: /admin/
2014.01.20 16:32:36 [f:"/var/www/lovech14458/data/www/blago_library/classes/admin.php", l:"12"] Страница не найденаURI: /admin/
2014.01.20 16:33:49 [f:"/var/www/lovech14458/data/www/blago_library/classes/admin.php", l:"12"] Страница не найденаURI: /admin/
2014.01.20 16:34:49 [f:"/var/www/lovech14458/data/www/blago_library/classes/admin.php", l:"12"] Страница не найденаURI: /admin/
2014.01.20 16:38:58 [f:"/var/www/lovech14458/data/www/blago_library/loader.php", l:"124"] Нет указанного файла Classes_Favicon.icoURI: /favicon.ico
2014.01.20 16:39:08 [f:"/var/www/lovech14458/data/www/blago_library/loader.php", l:"124"] Нет указанного файла Classes_Favicon.icoURI: /favicon.ico
2014.01.20 17:44:44 [f:"/var/www/lovech14458/data/www/blago_library/classes/admin.php", l:"12"] Страница не найденаURI: /admin/
2014.01.20 19:32:52 [f:"/var/www/lovech14458/data/www/blago_library/loader.php", l:"124"] Нет указанного файла Classes_Favicon.icoURI: /favicon.ico
2014.01.20 19:32:52 [f:"/var/www/lovech14458/data/www/blago_library/loader.php", l:"124"] Нет указанного файла Classes_Favicon.icoURI: /favicon.ico
2014.01.21 10:26:05 [f:"/var/www/lovech14458/data/www/blago_library/loader.php", l:"124"] Нет указанного файла Classes_Favicon.icoURI: /favicon.ico
2014.01.21 10:26:05 [f:"/var/www/lovech14458/data/www/blago_library/loader.php", l:"124"] Нет указанного файла Classes_Favicon.icoURI: /favicon.ico
2014.01.21 11:48:46 [f:"/var/www/lovech14458/data/www/blago_library/loader.php", l:"124"] Нет указанного файла Classes_Favicon.icoURI: /favicon.ico
2014.01.21 12:13:17 [f:"/var/www/lovech14458/data/www/blago_library/loader.php", l:"124"] Нет указанного файла Classes_Favicon.icoURI: /favicon.ico
2014.01.21 17:19:04 [f:"/var/www/lovech14458/data/www/blago_library/loader.php", l:"124"] Нет указанного файла Classes_Favicon.icoURI: /favicon.ico
2014.01.21 18:15:30 [f:"/var/www/lovech14458/data/www/blago_library/loader.php", l:"124"] Нет указанного файла Classes_Favicon.icoURI: /favicon.ico
2014.01.21 18:15:30 [f:"/var/www/lovech14458/data/www/blago_library/loader.php", l:"124"] Нет указанного файла Classes_Favicon.icoURI: /favicon.ico
2014.01.21 22:23:18 [f:"/var/www/lovech14458/data/www/blago_library/loader.php", l:"124"] Нет указанного файла Classes_Favicon.icoURI: /favicon.ico
2014.01.22 01:09:32 [f:"/var/www/lovech14458/data/www/blago_library/loader.php", l:"124"] Нет указанного файла Classes_Favicon.icoURI: /favicon.ico
2014.01.22 02:41:51 [f:"/var/www/lovech14458/data/www/blago_library/loader.php", l:"124"] Нет указанного файла Classes_Favicon.icoURI: /favicon.ico
2014.01.22 02:48:12 [f:"/var/www/lovech14458/data/www/blago_library/loader.php", l:"124"] Нет указанного файла Classes_Favicon.icoURI: /favicon.ico
2014.01.22 09:26:04 [f:"/var/www/lovech14458/data/www/blago_library/loader.php", l:"124"] Нет указанного файла Classes_Favicon.icoURI: /favicon.ico
2014.01.22 09:26:04 [f:"/var/www/lovech14458/data/www/blago_library/loader.php", l:"124"] Нет указанного файла Classes_Favicon.icoURI: /favicon.ico
2014.01.22 11:20:11 [f:"/var/www/lovech14458/data/www/blago_library/classes/admin.php", l:"12"] Страница не найденаURI: /admin/menu/
2014.01.22 11:20:11 [f:"/var/www/lovech14458/data/www/blago_library/loader.php", l:"124"] Нет указанного файла Classes_Favicon.icoURI: /favicon.ico
2014.01.22 12:25:14 [f:"/var/www/lovech14458/data/www/blago_library/loader.php", l:"124"] Нет указанного файла Classes_Favicon.icoURI: /favicon.ico
2014.01.22 12:25:14 [f:"/var/www/lovech14458/data/www/blago_library/loader.php", l:"124"] Нет указанного файла Classes_Favicon.icoURI: /favicon.ico
2014.01.22 12:25:14 [f:"/var/www/lovech14458/data/www/blago_library/loader.php", l:"124"] Нет указанного файла Classes_Favicon.icoURI: /favicon.ico
2014.01.22 12:54:18 [f:"/var/www/lovech14458/data/www/blago_library/loader.php", l:"124"] Нет указанного файла Classes_Favicon.icoURI: /favicon.ico
2014.01.22 15:08:21 [f:"/var/www/lovech14458/data/www/blago_library/loader.php", l:"124"] Нет указанного файла Classes_Favicon.icoURI: /favicon.ico
2014.01.22 15:23:18 [f:"/var/www/lovech14458/data/www/blago_library/loader.php", l:"124"] Нет указанного файла Classes_Favicon.icoURI: /favicon.ico
2014.01.22 15:34:02 [f:"/var/www/lovech14458/data/www/blago_library/classes/admin.php", l:"12"] Страница не найденаURI: /admin/lang/
2014.01.22 15:34:02 [f:"/var/www/lovech14458/data/www/blago_library/loader.php", l:"124"] Нет указанного файла Classes_Favicon.icoURI: /favicon.ico
2014.01.22 15:34:03 [f:"/var/www/lovech14458/data/www/blago_library/loader.php", l:"124"] Нет указанного файла Classes_Favicon.icoURI: /favicon.ico
2014.01.22 15:52:52 [f:"/var/www/lovech14458/data/www/blago_library/loader.php", l:"124"] Нет указанного файла Classes_Favicon.icoURI: /favicon.ico
2014.01.22 17:03:46 [f:"/var/www/lovech14458/data/www/blago_library/loader.php", l:"124"] Нет указанного файла Classes_Favicon.icoURI: /favicon.ico
2014.01.22 17:03:46 [f:"/var/www/lovech14458/data/www/blago_library/loader.php", l:"124"] Нет указанного файла Classes_Favicon.icoURI: /favicon.ico
2014.01.22 17:03:46 [f:"/var/www/lovech14458/data/www/blago_library/loader.php", l:"124"] Нет указанного файла Classes_Favicon.icoURI: /favicon.ico
2014.01.22 17:03:46 [f:"/var/www/lovech14458/data/www/blago_library/loader.php", l:"124"] Нет указанного файла Classes_Favicon.icoURI: /favicon.ico
2014.01.22 17:03:46 [f:"/var/www/lovech14458/data/www/blago_library/loader.php", l:"124"] Нет указанного файла Classes_Favicon.icoURI: /favicon.ico
2014.01.22 17:06:47 [f:"/var/www/lovech14458/data/www/blago_library/loader.php", l:"124"] Нет указанного файла Classes_Favicon.icoURI: /favicon.ico
2014.01.22 17:39:16 [f:"/var/www/lovech14458/data/www/blago_library/loader.php", l:"124"] Нет указанного файла Classes_Favicon.icoURI: /favicon.ico
2014.01.22 21:39:28 [f:"/var/www/lovech14458/data/www/blago_library/loader.php", l:"124"] Нет указанного файла Classes_Favicon.icoURI: /favicon.ico
2014.01.22 21:39:28 [f:"/var/www/lovech14458/data/www/blago_library/loader.php", l:"124"] Нет указанного файла Classes_Favicon.icoURI: /favicon.ico
2014.01.22 21:39:28 [f:"/var/www/lovech14458/data/www/blago_library/loader.php", l:"124"] Нет указанного файла Classes_Favicon.icoURI: /favicon.ico
2014.01.22 22:44:02 [f:"/var/www/lovech14458/data/www/blago_library/loader.php", l:"124"] Нет указанного файла Classes_Favicon.icoURI: /favicon.ico
2014.01.23 00:01:10 [f:"/var/www/lovech14458/data/www/blago_library/loader.php", l:"124"] Нет указанного файла Classes_Favicon.icoURI: /favicon.ico
2014.01.23 00:01:10 [f:"/var/www/lovech14458/data/www/blago_library/loader.php", l:"124"] Нет указанного файла Classes_Favicon.icoURI: /favicon.ico
2014.01.23 00:01:10 [f:"/var/www/lovech14458/data/www/blago_library/loader.php", l:"124"] Нет указанного файла Classes_Favicon.icoURI: /favicon.ico
2014.01.23 02:57:57 [f:"/var/www/lovech14458/data/www/blago_library/loader.php", l:"141"] Нет указанного файла Classes_Favicon.icoURI: /favicon.ico
2014.01.23 10:27:08 [f:"/var/www/lovech14458/data/www/blago_library/loader.php", l:"141"] Нет указанного файла Classes_Favicon.icoURI: /favicon.ico
2014.01.23 10:27:08 [f:"/var/www/lovech14458/data/www/blago_library/loader.php", l:"141"] Нет указанного файла Classes_Favicon.icoURI: /favicon.ico
2014.01.23 11:20:59 [f:"/var/www/lovech14458/data/www/blago_library/classes/admin.php", l:"12"] Страница не найденаURI: /admin/projects/
2014.01.23 11:21:00 [f:"/var/www/lovech14458/data/www/blago_library/classes/admin.php", l:"12"] Страница не найденаURI: /admin/menu/
2014.01.23 11:21:00 [f:"/var/www/lovech14458/data/www/blago_library/loader.php", l:"141"] Нет указанного файла Classes_Favicon.icoURI: /favicon.ico
2014.01.23 11:21:00 [f:"/var/www/lovech14458/data/www/blago_library/classes/admin.php", l:"12"] Страница не найденаURI: /admin/cache/
2014.01.23 11:21:00 [f:"/var/www/lovech14458/data/www/blago_library/loader.php", l:"141"] Нет указанного файла Classes_Favicon.icoURI: /favicon.ico
2014.01.23 15:47:54 [f:"/var/www/lovech14458/data/www/blago_library/loader.php", l:"141"] Нет указанного файла Classes_Favicon.icoURI: /favicon.ico
2014.01.23 15:47:54 [f:"/var/www/lovech14458/data/www/blago_library/loader.php", l:"141"] Нет указанного файла Classes_Favicon.icoURI: /favicon.ico
2014.01.23 15:47:54 [f:"/var/www/lovech14458/data/www/blago_library/loader.php", l:"141"] Нет указанного файла Classes_Favicon.icoURI: /favicon.ico
2014.01.23 17:44:35 [f:"/var/www/lovech14458/data/www/blago_library/loader.php", l:"141"] Нет указанного файла Classes_Favicon.icoURI: /favicon.ico
2014.01.23 17:44:35 [f:"/var/www/lovech14458/data/www/blago_library/loader.php", l:"141"] Нет указанного файла Classes_Favicon.icoURI: /favicon.ico
2014.01.23 17:44:35 [f:"/var/www/lovech14458/data/www/blago_library/loader.php", l:"141"] Нет указанного файла Classes_Favicon.icoURI: /favicon.ico
2014.01.23 20:29:29 [f:"/var/www/lovech14458/data/www/blago_library/loader.php", l:"141"] Нет указанного файла Classes_Favicon.icoURI: /favicon.ico
2014.01.24 09:33:10 [f:"/var/www/lovech14458/data/www/blago_library/loader.php", l:"141"] Нет указанного файла Classes_Favicon.icoURI: /favicon.ico
2014.01.24 09:33:10 [f:"/var/www/lovech14458/data/www/blago_library/loader.php", l:"141"] Нет указанного файла Classes_Favicon.icoURI: /favicon.ico
2014.01.24 19:42:48 [f:"/var/www/lovech14458/data/www/blago_library/loader.php", l:"141"] Нет указанного файла Classes_Favicon.icoURI: /favicon.ico
2014.01.24 19:42:48 [f:"/var/www/lovech14458/data/www/blago_library/loader.php", l:"141"] Нет указанного файла Classes_Favicon.icoURI: /favicon.ico
2014.01.24 19:42:48 [f:"/var/www/lovech14458/data/www/blago_library/loader.php", l:"141"] Нет указанного файла Classes_Favicon.icoURI: /favicon.ico
2014.01.24 22:30:47 [f:"/var/www/lovech14458/data/www/blago_library/loader.php", l:"141"] Нет указанного файла Classes_Favicon.icoURI: /favicon.ico
2014.01.25 03:27:39 [f:"/var/www/lovech14458/data/www/blago_library/loader.php", l:"141"] Нет указанного файла Classes_Favicon.icoURI: /favicon.ico
2014.01.25 13:38:04 [f:"/var/www/lovech14458/data/www/blago_library/loader.php", l:"141"] Нет указанного файла Classes_Favicon.icoURI: /favicon.ico
2014.01.25 13:38:04 [f:"/var/www/lovech14458/data/www/blago_library/loader.php", l:"141"] Нет указанного файла Classes_Favicon.icoURI: /favicon.ico
2014.01.25 13:38:04 [f:"/var/www/lovech14458/data/www/blago_library/loader.php", l:"141"] Нет указанного файла Classes_Favicon.icoURI: /favicon.ico
2014.01.25 23:03:01 [f:"/var/www/lovech14458/data/www/blago_library/loader.php", l:"141"] Нет указанного файла Classes_Favicon.icoURI: /favicon.ico
2014.01.26 01:54:01 [f:"/var/www/lovech14458/data/www/blago_library/loader.php", l:"141"] Нет указанного файла Classes_Favicon.icoURI: /favicon.ico
2014.01.26 02:53:09 [f:"/var/www/lovech14458/data/www/blago_library/loader.php", l:"141"] Нет указанного файла Classes_Favicon.icoURI: /favicon.ico
2014.01.27 11:26:09 [f:"/var/www/lovech14458/data/www/blago_library/loader.php", l:"141"] Нет указанного файла Classes_Favicon.icoURI: /favicon.ico
2014.01.27 11:26:09 [f:"/var/www/lovech14458/data/www/blago_library/loader.php", l:"141"] Нет указанного файла Classes_Favicon.icoURI: /favicon.ico
2014.01.27 19:37:28 [f:"/var/www/lovech14458/data/www/blago_library/loader.php", l:"141"] Нет указанного файла Classes_Favicon.icoURI: /favicon.ico
2014.01.27 19:37:28 [f:"/var/www/lovech14458/data/www/blago_library/loader.php", l:"141"] Нет указанного файла Classes_Favicon.icoURI: /favicon.ico
2014.01.27 19:37:28 [f:"/var/www/lovech14458/data/www/blago_library/loader.php", l:"141"] Нет указанного файла Classes_Favicon.icoURI: /favicon.ico
2014.01.28 10:46:05 [f:"/var/www/lovech14458/data/www/blago_library/loader.php", l:"141"] Нет указанного файла Classes_Favicon.icoURI: /favicon.ico
2014.01.28 10:46:06 [f:"/var/www/lovech14458/data/www/blago_library/loader.php", l:"141"] Нет указанного файла Classes_Favicon.icoURI: /favicon.ico
2014.01.28 11:34:16 [f:"/var/www/lovech14458/data/www/blago_library/loader.php", l:"141"] Нет указанного файла Classes_Favicon.icoURI: /favicon.ico
2014.01.28 11:34:16 [f:"/var/www/lovech14458/data/www/blago_library/loader.php", l:"141"] Нет указанного файла Classes_Favicon.icoURI: /favicon.ico
2014.01.28 11:34:16 [f:"/var/www/lovech14458/data/www/blago_library/loader.php", l:"141"] Нет указанного файла Classes_Favicon.icoURI: /favicon.ico
2014.01.28 12:08:18 [f:"/var/www/lovech14458/data/www/blago_library/loader.php", l:"141"] Нет указанного файла Classes_Favicon.icoURI: /favicon.ico
2014.01.28 12:08:18 [f:"/var/www/lovech14458/data/www/blago_library/loader.php", l:"141"] Нет указанного файла Classes_Favicon.icoURI: /favicon.ico
2014.01.28 18:40:20 [f:"/var/www/lovech14458/data/www/blago_library/loader.php", l:"141"] Нет указанного файла Classes_Favicon.icoURI: /favicon.ico
2014.01.28 18:40:20 [f:"/var/www/lovech14458/data/www/blago_library/loader.php", l:"141"] Нет указанного файла Classes_Favicon.icoURI: /favicon.ico
2014.01.28 18:40:20 [f:"/var/www/lovech14458/data/www/blago_library/loader.php", l:"141"] Нет указанного файла Classes_Favicon.icoURI: /favicon.ico
2014.01.28 22:55:29 [f:"/var/www/lovech14458/data/www/blago_library/loader.php", l:"141"] Нет указанного файла Classes_Favicon.icoURI: /favicon.ico
2014.01.28 22:55:29 [f:"/var/www/lovech14458/data/www/blago_library/loader.php", l:"141"] Нет указанного файла Classes_Favicon.icoURI: /favicon.ico
2014.01.28 22:55:29 [f:"/var/www/lovech14458/data/www/blago_library/loader.php", l:"141"] Нет указанного файла Classes_Favicon.icoURI: /favicon.ico
2014.01.29 00:15:38 [f:"/var/www/lovech14458/data/www/blago_library/loader.php", l:"141"] Нет указанного файла Classes_Favicon.icoURI: /favicon.ico
2014.01.29 00:42:34 [f:"/var/www/lovech14458/data/www/blago_library/loader.php", l:"141"] Нет указанного файла Classes_Favicon.icoURI: /favicon.ico
2014.01.29 09:20:56 [f:"/var/www/lovech14458/data/www/blago_library/loader.php", l:"141"] Нет указанного файла Classes_Favicon.icoURI: /favicon.ico
2014.01.29 09:20:56 [f:"/var/www/lovech14458/data/www/blago_library/loader.php", l:"141"] Нет указанного файла Classes_Favicon.icoURI: /favicon.ico
2014.01.29 12:49:25 [f:"/var/www/lovech14458/data/www/blago_library/loader.php", l:"141"] Нет указанного файла Classes_Favicon.icoURI: /favicon.ico
2014.01.29 12:49:25 [f:"/var/www/lovech14458/data/www/blago_library/loader.php", l:"141"] Нет указанного файла Classes_Favicon.icoURI: /favicon.ico
2014.01.29 12:49:25 [f:"/var/www/lovech14458/data/www/blago_library/loader.php", l:"141"] Нет указанного файла Classes_Favicon.icoURI: /favicon.ico
2014.01.30 09:41:03 [f:"/var/www/lovech14458/data/www/blago_library/loader.php", l:"141"] Нет указанного файла Classes_Favicon.icoURI: /favicon.ico
2014.01.30 09:41:03 [f:"/var/www/lovech14458/data/www/blago_library/loader.php", l:"141"] Нет указанного файла Classes_Favicon.icoURI: /favicon.ico
2014.01.31 12:14:23 [f:"/var/www/lovech14458/data/www/blago_library/loader.php", l:"141"] Нет указанного файла Classes_Favicon.icoURI: /favicon.ico
2014.01.31 12:14:23 [f:"/var/www/lovech14458/data/www/blago_library/loader.php", l:"141"] Нет указанного файла Classes_Favicon.icoURI: /favicon.ico
2014.01.31 12:14:23 [f:"/var/www/lovech14458/data/www/blago_library/loader.php", l:"141"] Нет указанного файла Classes_Favicon.icoURI: /favicon.ico
2014.01.31 12:26:39 [f:"/var/www/lovech14458/data/www/blago_library/loader.php", l:"141"] Нет указанного файла Classes_Favicon.icoURI: /favicon.ico
2014.01.31 12:26:39 [f:"/var/www/lovech14458/data/www/blago_library/loader.php", l:"141"] Нет указанного файла Classes_Favicon.icoURI: /favicon.ico
2014.01.31 13:12:30 [f:"/var/www/lovech14458/data/www/blago_library/loader.php", l:"141"] Нет указанного файла Classes_Sitemap.xmlURI: /sitemap.xml
2014.02.03 09:13:09 [f:"/var/www/lovech14458/data/www/blago_library/loader.php", l:"141"] Нет указанного файла Classes_Favicon.icoURI: /favicon.ico
2014.02.03 09:13:09 [f:"/var/www/lovech14458/data/www/blago_library/loader.php", l:"141"] Нет указанного файла Classes_Favicon.icoURI: /favicon.ico
2014.02.03 14:57:24 [f:"/var/www/lovech14458/data/www/blago_library/loader.php", l:"141"] Нет указанного файла Classes_Favicon.icoURI: /favicon.ico
2014.02.03 14:57:25 [f:"/var/www/lovech14458/data/www/blago_library/loader.php", l:"141"] Нет указанного файла Classes_Favicon.icoURI: /favicon.ico
2014.02.03 22:21:01 [f:"/var/www/lovech14458/data/www/blago_library/loader.php", l:"141"] Нет указанного файла Classes_Favicon.icoURI: /favicon.ico
2014.02.03 22:21:01 [f:"/var/www/lovech14458/data/www/blago_library/loader.php", l:"141"] Нет указанного файла Classes_Favicon.icoURI: /favicon.ico
2014.02.03 22:21:01 [f:"/var/www/lovech14458/data/www/blago_library/loader.php", l:"141"] Нет указанного файла Classes_Favicon.icoURI: /favicon.ico
2014.02.03 23:11:59 [f:"/var/www/lovech14458/data/www/blago_library/loader.php", l:"141"] Нет указанного файла Classes_Favicon.icoURI: /favicon.ico
